{"C:\\DOCUMINDAI\\campus-nest\\server\\src\\import.js": {"path":"C:\\DOCUMINDAI\\campus-nest\\server\\src\\import.js","statementMap":{"0":{"start":{"line":28,"column":0},"end":{"line":28,"column":null}},"1":{"start":{"line":30,"column":11},"end":{"line":30,"column":24}},"2":{"start":{"line":31,"column":13},"end":{"line":31,"column":28}},"3":{"start":{"line":32,"column":17},"end":{"line":32,"column":36}},"4":{"start":{"line":33,"column":36},"end":{"line":33,"column":58}},"5":{"start":{"line":34,"column":13},"end":{"line":34,"column":37}},"6":{"start":{"line":35,"column":16},"end":{"line":35,"column":43}},"7":{"start":{"line":37,"column":24},"end":{"line":41,"column":1}},"8":{"start":{"line":43,"column":12},"end":{"line":43,"column":79}},"9":{"start":{"line":43,"column":20},"end":{"line":43,"column":78}},"10":{"start":{"line":47,"column":19},"end":{"line":47,"column":21}},"11":{"start":{"line":48,"column":16},"end":{"line":48,"column":89}},"12":{"start":{"line":50,"column":15},"end":{"line":55,"column":3}},"13":{"start":{"line":51,"column":18},"end":{"line":51,"column":69}},"14":{"start":{"line":52,"column":4},"end":{"line":54,"column":null}},"15":{"start":{"line":52,"column":16},"end":{"line":52,"column":null}},"16":{"start":{"line":53,"column":9},"end":{"line":54,"column":null}},"17":{"start":{"line":53,"column":33},"end":{"line":53,"column":null}},"18":{"start":{"line":54,"column":9},"end":{"line":54,"column":null}},"19":{"start":{"line":54,"column":33},"end":{"line":54,"column":null}},"20":{"start":{"line":57,"column":2},"end":{"line":57,"column":null}},"21":{"start":{"line":58,"column":2},"end":{"line":58,"column":null}},"22":{"start":{"line":59,"column":2},"end":{"line":59,"column":null}},"23":{"start":{"line":60,"column":2},"end":{"line":60,"column":null}},"24":{"start":{"line":62,"column":15},"end":{"line":62,"column":36}},"25":{"start":{"line":63,"column":2},"end":{"line":63,"column":null}},"26":{"start":{"line":63,"column":43},"end":{"line":63,"column":null}},"27":{"start":{"line":65,"column":15},"end":{"line":65,"column":32}},"28":{"start":{"line":66,"column":2},"end":{"line":66,"column":null}},"29":{"start":{"line":66,"column":43},"end":{"line":66,"column":null}},"30":{"start":{"line":68,"column":17},"end":{"line":68,"column":76}},"31":{"start":{"line":69,"column":17},"end":{"line":69,"column":76}},"32":{"start":{"line":70,"column":2},"end":{"line":77,"column":null}},"33":{"start":{"line":71,"column":4},"end":{"line":71,"column":null}},"34":{"start":{"line":72,"column":9},"end":{"line":77,"column":null}},"35":{"start":{"line":73,"column":16},"end":{"line":73,"column":28}},"36":{"start":{"line":74,"column":16},"end":{"line":74,"column":28}},"37":{"start":{"line":75,"column":4},"end":{"line":75,"column":null}},"38":{"start":{"line":75,"column":56},"end":{"line":75,"column":null}},"39":{"start":{"line":76,"column":4},"end":{"line":76,"column":null}},"40":{"start":{"line":76,"column":58},"end":{"line":76,"column":null}},"41":{"start":{"line":79,"column":2},"end":{"line":90,"column":null}},"42":{"start":{"line":80,"column":4},"end":{"line":89,"column":null}},"43":{"start":{"line":81,"column":6},"end":{"line":81,"column":null}},"44":{"start":{"line":83,"column":6},"end":{"line":83,"column":null}},"45":{"start":{"line":83,"column":33},"end":{"line":83,"column":null}},"46":{"start":{"line":84,"column":6},"end":{"line":88,"column":null}},"47":{"start":{"line":85,"column":8},"end":{"line":87,"column":null}},"48":{"start":{"line":86,"column":10},"end":{"line":86,"column":null}},"49":{"start":{"line":92,"column":2},"end":{"line":92,"column":null}},"50":{"start":{"line":96,"column":20},"end":{"line":96,"column":79}},"51":{"start":{"line":97,"column":2},"end":{"line":108,"column":null}},"52":{"start":{"line":112,"column":15},"end":{"line":112,"column":36}},"53":{"start":{"line":113,"column":17},"end":{"line":113,"column":43}},"54":{"start":{"line":114,"column":15},"end":{"line":114,"column":52}},"55":{"start":{"line":114,"column":32},"end":{"line":114,"column":51}},"56":{"start":{"line":116,"column":2},"end":{"line":122,"column":null}},"57":{"start":{"line":117,"column":4},"end":{"line":120,"column":null}},"58":{"start":{"line":121,"column":4},"end":{"line":121,"column":null}},"59":{"start":{"line":124,"column":14},"end":{"line":124,"column":47}},"60":{"start":{"line":125,"column":2},"end":{"line":128,"column":null}},"61":{"start":{"line":126,"column":4},"end":{"line":126,"column":null}},"62":{"start":{"line":127,"column":4},"end":{"line":127,"column":null}},"63":{"start":{"line":131,"column":2},"end":{"line":136,"column":null}},"64":{"start":{"line":132,"column":4},"end":{"line":132,"column":null}},"65":{"start":{"line":134,"column":4},"end":{"line":134,"column":null}},"66":{"start":{"line":135,"column":4},"end":{"line":135,"column":null}},"67":{"start":{"line":138,"column":15},"end":{"line":138,"column":63}},"68":{"start":{"line":139,"column":2},"end":{"line":142,"column":null}},"69":{"start":{"line":140,"column":4},"end":{"line":140,"column":null}},"70":{"start":{"line":141,"column":4},"end":{"line":141,"column":null}},"71":{"start":{"line":146,"column":19},"end":{"line":146,"column":61}},"72":{"start":{"line":146,"column":44},"end":{"line":146,"column":60}},"73":{"start":{"line":147,"column":2},"end":{"line":152,"column":null}},"74":{"start":{"line":148,"column":4},"end":{"line":148,"column":null}},"75":{"start":{"line":149,"column":4},"end":{"line":149,"column":null}},"76":{"start":{"line":149,"column":28},"end":{"line":149,"column":53}},"77":{"start":{"line":150,"column":4},"end":{"line":150,"column":null}},"78":{"start":{"line":151,"column":4},"end":{"line":151,"column":null}},"79":{"start":{"line":154,"column":2},"end":{"line":154,"column":null}},"80":{"start":{"line":155,"column":2},"end":{"line":160,"column":null}},"81":{"start":{"line":156,"column":4},"end":{"line":156,"column":null}},"82":{"start":{"line":157,"column":4},"end":{"line":157,"column":null}},"83":{"start":{"line":157,"column":27},"end":{"line":157,"column":79}},"84":{"start":{"line":158,"column":4},"end":{"line":158,"column":null}},"85":{"start":{"line":159,"column":4},"end":{"line":159,"column":null}},"86":{"start":{"line":162,"column":2},"end":{"line":162,"column":null}},"87":{"start":{"line":163,"column":2},"end":{"line":163,"column":null}},"88":{"start":{"line":167,"column":20},"end":{"line":167,"column":67}},"89":{"start":{"line":168,"column":14},"end":{"line":168,"column":74}},"90":{"start":{"line":169,"column":2},"end":{"line":180,"column":null}},"91":{"start":{"line":170,"column":4},"end":{"line":176,"column":null}},"92":{"start":{"line":177,"column":4},"end":{"line":177,"column":null}},"93":{"start":{"line":179,"column":4},"end":{"line":179,"column":null}},"94":{"start":{"line":182,"column":16},"end":{"line":182,"column":17}},"95":{"start":{"line":183,"column":16},"end":{"line":183,"column":17}},"96":{"start":{"line":185,"column":2},"end":{"line":204,"column":null}},"97":{"start":{"line":186,"column":16},"end":{"line":186,"column":37}},"98":{"start":{"line":188,"column":21},"end":{"line":191,"column":6}},"99":{"start":{"line":193,"column":4},"end":{"line":203,"column":null}},"100":{"start":{"line":195,"column":45},"end":{"line":195,"column":48}},"101":{"start":{"line":196,"column":6},"end":{"line":196,"column":null}},"102":{"start":{"line":197,"column":6},"end":{"line":197,"column":null}},"103":{"start":{"line":197,"column":25},"end":{"line":197,"column":null}},"104":{"start":{"line":198,"column":6},"end":{"line":198,"column":null}},"105":{"start":{"line":199,"column":6},"end":{"line":199,"column":null}},"106":{"start":{"line":201,"column":6},"end":{"line":201,"column":null}},"107":{"start":{"line":202,"column":6},"end":{"line":202,"column":null}},"108":{"start":{"line":206,"column":2},"end":{"line":206,"column":null}},"109":{"start":{"line":207,"column":2},"end":{"line":207,"column":null}},"110":{"start":{"line":209,"column":2},"end":{"line":209,"column":null}},"111":{"start":{"line":212,"column":0},"end":{"line":217,"column":null}},"112":{"start":{"line":213,"column":2},"end":{"line":213,"column":null}},"113":{"start":{"line":214,"column":2},"end":{"line":214,"column":null}},"114":{"start":{"line":214,"column":18},"end":{"line":214,"column":null}},"115":{"start":{"line":215,"column":2},"end":{"line":215,"column":null}},"116":{"start":{"line":216,"column":2},"end":{"line":216,"column":null}}},"fnMap":{"0":{"name":"(anonymous_0)","decl":{"start":{"line":43,"column":12},"end":{"line":43,"column":13}},"loc":{"start":{"line":43,"column":20},"end":{"line":43,"column":78}},"line":43},"1":{"name":"validate","decl":{"start":{"line":46,"column":9},"end":{"line":46,"column":17}},"loc":{"start":{"line":46,"column":30},"end":{"line":93,"column":null}},"line":46},"2":{"name":"(anonymous_2)","decl":{"start":{"line":50,"column":15},"end":{"line":50,"column":16}},"loc":{"start":{"line":50,"column":34},"end":{"line":55,"column":3}},"line":50},"3":{"name":"(anonymous_3)","decl":{"start":{"line":84,"column":25},"end":{"line":84,"column":26}},"loc":{"start":{"line":84,"column":34},"end":{"line":88,"column":7}},"line":84},"4":{"name":"toDoc","decl":{"start":{"line":95,"column":9},"end":{"line":95,"column":14}},"loc":{"start":{"line":95,"column":29},"end":{"line":109,"column":null}},"line":95},"5":{"name":"run","decl":{"start":{"line":111,"column":15},"end":{"line":111,"column":18}},"loc":{"start":{"line":111,"column":21},"end":{"line":210,"column":null}},"line":111},"6":{"name":"(anonymous_6)","decl":{"start":{"line":114,"column":25},"end":{"line":114,"column":26}},"loc":{"start":{"line":114,"column":32},"end":{"line":114,"column":51}},"line":114},"7":{"name":"(anonymous_7)","decl":{"start":{"line":146,"column":32},"end":{"line":146,"column":33}},"loc":{"start":{"line":146,"column":44},"end":{"line":146,"column":60}},"line":146},"8":{"name":"(anonymous_8)","decl":{"start":{"line":149,"column":21},"end":{"line":149,"column":22}},"loc":{"start":{"line":149,"column":28},"end":{"line":149,"column":53}},"line":149},"9":{"name":"(anonymous_9)","decl":{"start":{"line":157,"column":17},"end":{"line":157,"column":18}},"loc":{"start":{"line":157,"column":27},"end":{"line":157,"column":79}},"line":157},"10":{"name":"(anonymous_10)","decl":{"start":{"line":212,"column":12},"end":{"line":212,"column":17}},"loc":{"start":{"line":212,"column":27},"end":{"line":217,"column":1}},"line":212},"11":{"name":"(anonymous_11)","decl":{"start":{"line":215,"column":29},"end":{"line":215,"column":30}},"loc":{"start":{"line":215,"column":35},"end":{"line":215,"column":37}},"line":215}},"branchMap":{"0":{"loc":{"start":{"line":43,"column":20},"end":{"line":43,"column":78}},"type":"cond-expr","locations":[{"start":{"line":43,"column":44},"end":{"line":43,"column":45}},{"start":{"line":43,"column":48},"end":{"line":43,"column":78}}],"line":43},"1":{"loc":{"start":{"line":43,"column":62},"end":{"line":43,"column":69}},"type":"binary-expr","locations":[{"start":{"line":43,"column":62},"end":{"line":43,"column":63}},{"start":{"line":43,"column":67},"end":{"line":43,"column":69}}],"line":43},"2":{"loc":{"start":{"line":48,"column":32},"end":{"line":48,"column":87}},"type":"cond-expr","locations":[{"start":{"line":48,"column":44},"end":{"line":48,"column":82}},{"start":{"line":48,"column":85},"end":{"line":48,"column":87}}],"line":48},"3":{"loc":{"start":{"line":51,"column":18},"end":{"line":51,"column":69}},"type":"cond-expr","locations":[{"start":{"line":51,"column":49},"end":{"line":51,"column":64}},{"start":{"line":51,"column":67},"end":{"line":51,"column":69}}],"line":51},"4":{"loc":{"start":{"line":52,"column":4},"end":{"line":54,"column":null}},"type":"if","locations":[{"start":{"line":52,"column":4},"end":{"line":54,"column":null}},{"start":{"line":53,"column":9},"end":{"line":54,"column":null}}],"line":52},"5":{"loc":{"start":{"line":53,"column":9},"end":{"line":54,"column":null}},"type":"if","locations":[{"start":{"line":53,"column":9},"end":{"line":54,"column":null}},{"start":{"line":54,"column":9},"end":{"line":54,"column":null}}],"line":53},"6":{"loc":{"start":{"line":54,"column":9},"end":{"line":54,"column":null}},"type":"if","locations":[{"start":{"line":54,"column":9},"end":{"line":54,"column":null}},{"start":{},"end":{}}],"line":54},"7":{"loc":{"start":{"line":63,"column":2},"end":{"line":63,"column":null}},"type":"if","locations":[{"start":{"line":63,"column":2},"end":{"line":63,"column":null}},{"start":{},"end":{}}],"line":63},"8":{"loc":{"start":{"line":63,"column":6},"end":{"line":63,"column":41}},"type":"binary-expr","locations":[{"start":{"line":63,"column":6},"end":{"line":63,"column":28}},{"start":{"line":63,"column":32},"end":{"line":63,"column":41}}],"line":63},"9":{"loc":{"start":{"line":66,"column":2},"end":{"line":66,"column":null}},"type":"if","locations":[{"start":{"line":66,"column":2},"end":{"line":66,"column":null}},{"start":{},"end":{}}],"line":66},"10":{"loc":{"start":{"line":66,"column":6},"end":{"line":66,"column":41}},"type":"binary-expr","locations":[{"start":{"line":66,"column":6},"end":{"line":66,"column":29}},{"start":{"line":66,"column":33},"end":{"line":66,"column":41}}],"line":66},"11":{"loc":{"start":{"line":68,"column":17},"end":{"line":68,"column":76}},"type":"binary-expr","locations":[{"start":{"line":68,"column":17},"end":{"line":68,"column":38}},{"start":{"line":68,"column":42},"end":{"line":68,"column":58}},{"start":{"line":68,"column":62},"end":{"line":68,"column":76}}],"line":68},"12":{"loc":{"start":{"line":69,"column":17},"end":{"line":69,"column":76}},"type":"binary-expr","locations":[{"start":{"line":69,"column":17},"end":{"line":69,"column":38}},{"start":{"line":69,"column":42},"end":{"line":69,"column":58}},{"start":{"line":69,"column":62},"end":{"line":69,"column":76}}],"line":69},"13":{"loc":{"start":{"line":70,"column":2},"end":{"line":77,"column":null}},"type":"if","locations":[{"start":{"line":70,"column":2},"end":{"line":77,"column":null}},{"start":{"line":72,"column":9},"end":{"line":77,"column":null}}],"line":70},"14":{"loc":{"start":{"line":72,"column":9},"end":{"line":77,"column":null}},"type":"if","locations":[{"start":{"line":72,"column":9},"end":{"line":77,"column":null}},{"start":{},"end":{}}],"line":72},"15":{"loc":{"start":{"line":75,"column":4},"end":{"line":75,"column":null}},"type":"if","locations":[{"start":{"line":75,"column":4},"end":{"line":75,"column":null}},{"start":{},"end":{}}],"line":75},"16":{"loc":{"start":{"line":75,"column":8},"end":{"line":75,"column":54}},"type":"binary-expr","locations":[{"start":{"line":75,"column":8},"end":{"line":75,"column":29}},{"start":{"line":75,"column":33},"end":{"line":75,"column":42}},{"start":{"line":75,"column":46},"end":{"line":75,"column":54}}],"line":75},"17":{"loc":{"start":{"line":76,"column":4},"end":{"line":76,"column":null}},"type":"if","locations":[{"start":{"line":76,"column":4},"end":{"line":76,"column":null}},{"start":{},"end":{}}],"line":76},"18":{"loc":{"start":{"line":76,"column":8},"end":{"line":76,"column":56}},"type":"binary-expr","locations":[{"start":{"line":76,"column":8},"end":{"line":76,"column":29}},{"start":{"line":76,"column":33},"end":{"line":76,"column":43}},{"start":{"line":76,"column":47},"end":{"line":76,"column":56}}],"line":76},"19":{"loc":{"start":{"line":79,"column":2},"end":{"line":90,"column":null}},"type":"if","locations":[{"start":{"line":79,"column":2},"end":{"line":90,"column":null}},{"start":{},"end":{}}],"line":79},"20":{"loc":{"start":{"line":80,"column":4},"end":{"line":89,"column":null}},"type":"if","locations":[{"start":{"line":80,"column":4},"end":{"line":89,"column":null}},{"start":{"line":82,"column":11},"end":{"line":89,"column":null}}],"line":80},"21":{"loc":{"start":{"line":83,"column":6},"end":{"line":83,"column":null}},"type":"if","locations":[{"start":{"line":83,"column":6},"end":{"line":83,"column":null}},{"start":{},"end":{}}],"line":83},"22":{"loc":{"start":{"line":85,"column":8},"end":{"line":87,"column":null}},"type":"if","locations":[{"start":{"line":85,"column":8},"end":{"line":87,"column":null}},{"start":{},"end":{}}],"line":85},"23":{"loc":{"start":{"line":85,"column":12},"end":{"line":85,"column":65}},"type":"binary-expr","locations":[{"start":{"line":85,"column":12},"end":{"line":85,"column":35}},{"start":{"line":85,"column":39},"end":{"line":85,"column":65}}],"line":85},"24":{"loc":{"start":{"line":96,"column":20},"end":{"line":96,"column":79}},"type":"binary-expr","locations":[{"start":{"line":96,"column":20},"end":{"line":96,"column":41}},{"start":{"line":96,"column":45},"end":{"line":96,"column":61}},{"start":{"line":96,"column":65},"end":{"line":96,"column":79}}],"line":96},"25":{"loc":{"start":{"line":104,"column":9},"end":{"line":104,"column":40}},"type":"cond-expr","locations":[{"start":{"line":104,"column":21},"end":{"line":104,"column":33}},{"start":{"line":104,"column":36},"end":{"line":104,"column":40}}],"line":104},"26":{"loc":{"start":{"line":105,"column":9},"end":{"line":105,"column":40}},"type":"cond-expr","locations":[{"start":{"line":105,"column":21},"end":{"line":105,"column":33}},{"start":{"line":105,"column":36},"end":{"line":105,"column":40}}],"line":105},"27":{"loc":{"start":{"line":106,"column":12},"end":{"line":106,"column":67}},"type":"cond-expr","locations":[{"start":{"line":106,"column":40},"end":{"line":106,"column":62}},{"start":{"line":106,"column":65},"end":{"line":106,"column":67}}],"line":106},"28":{"loc":{"start":{"line":116,"column":2},"end":{"line":122,"column":null}},"type":"if","locations":[{"start":{"line":116,"column":2},"end":{"line":122,"column":null}},{"start":{},"end":{}}],"line":116},"29":{"loc":{"start":{"line":125,"column":2},"end":{"line":128,"column":null}},"type":"if","locations":[{"start":{"line":125,"column":2},"end":{"line":128,"column":null}},{"start":{},"end":{}}],"line":125},"30":{"loc":{"start":{"line":138,"column":15},"end":{"line":138,"column":63}},"type":"cond-expr","locations":[{"start":{"line":138,"column":39},"end":{"line":138,"column":45}},{"start":{"line":138,"column":48},"end":{"line":138,"column":63}}],"line":138},"31":{"loc":{"start":{"line":139,"column":2},"end":{"line":142,"column":null}},"type":"if","locations":[{"start":{"line":139,"column":2},"end":{"line":142,"column":null}},{"start":{},"end":{}}],"line":139},"32":{"loc":{"start":{"line":139,"column":6},"end":{"line":139,"column":47}},"type":"binary-expr","locations":[{"start":{"line":139,"column":6},"end":{"line":139,"column":26}},{"start":{"line":139,"column":30},"end":{"line":139,"column":47}}],"line":139},"33":{"loc":{"start":{"line":147,"column":2},"end":{"line":152,"column":null}},"type":"if","locations":[{"start":{"line":147,"column":2},"end":{"line":152,"column":null}},{"start":{},"end":{}}],"line":147},"34":{"loc":{"start":{"line":155,"column":2},"end":{"line":160,"column":null}},"type":"if","locations":[{"start":{"line":155,"column":2},"end":{"line":160,"column":null}},{"start":{},"end":{}}],"line":155},"35":{"loc":{"start":{"line":167,"column":46},"end":{"line":167,"column":64}},"type":"binary-expr","locations":[{"start":{"line":167,"column":46},"end":{"line":167,"column":58}},{"start":{"line":167,"column":62},"end":{"line":167,"column":64}}],"line":167},"36":{"loc":{"start":{"line":169,"column":2},"end":{"line":180,"column":null}},"type":"if","locations":[{"start":{"line":169,"column":2},"end":{"line":180,"column":null}},{"start":{"line":178,"column":9},"end":{"line":180,"column":null}}],"line":169},"37":{"loc":{"start":{"line":193,"column":4},"end":{"line":203,"column":null}},"type":"if","locations":[{"start":{"line":193,"column":4},"end":{"line":203,"column":null}},{"start":{"line":200,"column":11},"end":{"line":203,"column":null}}],"line":193},"38":{"loc":{"start":{"line":197,"column":6},"end":{"line":197,"column":null}},"type":"if","locations":[{"start":{"line":197,"column":6},"end":{"line":197,"column":null}},{"start":{},"end":{}}],"line":197},"39":{"loc":{"start":{"line":214,"column":2},"end":{"line":214,"column":null}},"type":"if","locations":[{"start":{"line":214,"column":2},"end":{"line":214,"column":null}},{"start":{},"end":{}}],"line":214}},"s":{"0":0,"1":0,"2":0,"3":0,"4":0,"5":0,"6":0,"7":0,"8":0,"9":0,"10":0,"11":0,"12":0,"13":0,"14":0,"15":0,"16":0,"17":0,"18":0,"19":0,"20":0,"21":0,"22":0,"23":0,"24":0,"25":0,"26":0,"27":0,"28":0,"29":0,"30":0,"31":0,"32":0,"33":0,"34":0,"35":0,"36":0,"37":0,"38":0,"39":0,"40":0,"41":0,"42":0,"43":0,"44":0,"45":0,"46":0,"47":0,"48":0,"49":0,"50":0,"51":0,"52":0,"53":0,"54":0,"55":0,"56":0,"57":0,"58":0,"59":0,"60":0,"61":0,"62":0,"63":0,"64":0,"65":0,"66":0,"67":0,"68":0,"69":0,"70":0,"71":0,"72":0,"73":0,"74":0,"75":0,"76":0,"77":0,"78":0,"79":0,"80":0,"81":0,"82":0,"83":0,"84":0,"85":0,"86":0,"87":0,"88":0,"89":0,"90":0,"91":0,"92":0,"93":0,"94":0,"95":0,"96":0,"97":0,"98":0,"99":0,"100":0,"101":0,"102":0,"103":0,"104":0,"105":0,"106":0,"107":0,"108":0,"109":0,"110":0,"111":0,"112":0,"113":0,"114":0,"115":0,"116":0},"f":{"0":0,"1":0,"2":0,"3":0,"4":0,"5":0,"6":0,"7":0,"8":0,"9":0,"10":0,"11":0},"b":{"0":[0,0],"1":[0,0],"2":[0,0],"3":[0,0],"4":[0,0],"5":[0,0],"6":[0,0],"7":[0,0],"8":[0,0],"9":[0,0],"10":[0,0],"11":[0,0,0],"12":[0,0,0],"13":[0,0],"14":[0,0],"15":[0,0],"16":[0,0,0],"17":[0,0],"18":[0,0,0],"19":[0,0],"20":[0,0],"21":[0,0],"22":[0,0],"23":[0,0],"24":[0,0,0],"25":[0,0],"26":[0,0],"27":[0,0],"28":[0,0],"29":[0,0],"30":[0,0],"31":[0,0],"32":[0,0],"33":[0,0],"34":[0,0],"35":[0,0],"36":[0,0],"37":[0,0],"38":[0,0],"39":[0,0]},"meta":{"lastBranch":40,"lastFunction":12,"lastStatement":117,"seen":{"s:28:0:28:Infinity":0,"s:30:11:30:24":1,"s:31:13:31:28":2,"s:32:17:32:36":3,"s:33:36:33:58":4,"s:34:13:34:37":5,"s:35:16:35:43":6,"s:37:24:41:1":7,"s:43:12:43:79":8,"f:43:12:43:13":0,"s:43:20:43:78":9,"b:43:44:43:45:43:48:43:78":0,"b:43:62:43:63:43:67:43:69":1,"f:46:9:46:17":1,"s:47:19:47:21":10,"s:48:16:48:89":11,"b:48:44:48:82:48:85:48:87":2,"s:50:15:55:3":12,"f:50:15:50:16":2,"s:51:18:51:69":13,"b:51:49:51:64:51:67:51:69":3,"b:52:4:54:Infinity:53:9:54:Infinity":4,"s:52:4:54:Infinity":14,"s:52:16:52:Infinity":15,"b:53:9:54:Infinity:54:9:54:Infinity":5,"s:53:9:54:Infinity":16,"s:53:33:53:Infinity":17,"b:54:9:54:Infinity:undefined:undefined:undefined:undefined":6,"s:54:9:54:Infinity":18,"s:54:33:54:Infinity":19,"s:57:2:57:Infinity":20,"s:58:2:58:Infinity":21,"s:59:2:59:Infinity":22,"s:60:2:60:Infinity":23,"s:62:15:62:36":24,"b:63:2:63:Infinity:undefined:undefined:undefined:undefined":7,"s:63:2:63:Infinity":25,"b:63:6:63:28:63:32:63:41":8,"s:63:43:63:Infinity":26,"s:65:15:65:32":27,"b:66:2:66:Infinity:undefined:undefined:undefined:undefined":9,"s:66:2:66:Infinity":28,"b:66:6:66:29:66:33:66:41":10,"s:66:43:66:Infinity":29,"s:68:17:68:76":30,"b:68:17:68:38:68:42:68:58:68:62:68:76":11,"s:69:17:69:76":31,"b:69:17:69:38:69:42:69:58:69:62:69:76":12,"b:70:2:77:Infinity:72:9:77:Infinity":13,"s:70:2:77:Infinity":32,"s:71:4:71:Infinity":33,"b:72:9:77:Infinity:undefined:undefined:undefined:undefined":14,"s:72:9:77:Infinity":34,"s:73:16:73:28":35,"s:74:16:74:28":36,"b:75:4:75:Infinity:undefined:undefined:undefined:undefined":15,"s:75:4:75:Infinity":37,"b:75:8:75:29:75:33:75:42:75:46:75:54":16,"s:75:56:75:Infinity":38,"b:76:4:76:Infinity:undefined:undefined:undefined:undefined":17,"s:76:4:76:Infinity":39,"b:76:8:76:29:76:33:76:43:76:47:76:56":18,"s:76:58:76:Infinity":40,"b:79:2:90:Infinity:undefined:undefined:undefined:undefined":19,"s:79:2:90:Infinity":41,"b:80:4:89:Infinity:82:11:89:Infinity":20,"s:80:4:89:Infinity":42,"s:81:6:81:Infinity":43,"b:83:6:83:Infinity:undefined:undefined:undefined:undefined":21,"s:83:6:83:Infinity":44,"s:83:33:83:Infinity":45,"s:84:6:88:Infinity":46,"f:84:25:84:26":3,"b:85:8:87:Infinity:undefined:undefined:undefined:undefined":22,"s:85:8:87:Infinity":47,"b:85:12:85:35:85:39:85:65":23,"s:86:10:86:Infinity":48,"s:92:2:92:Infinity":49,"f:95:9:95:14":4,"s:96:20:96:79":50,"b:96:20:96:41:96:45:96:61:96:65:96:79":24,"s:97:2:108:Infinity":51,"b:104:21:104:33:104:36:104:40":25,"b:105:21:105:33:105:36:105:40":26,"b:106:40:106:62:106:65:106:67":27,"f:111:15:111:18":5,"s:112:15:112:36":52,"s:113:17:113:43":53,"s:114:15:114:52":54,"f:114:25:114:26":6,"s:114:32:114:51":55,"b:116:2:122:Infinity:undefined:undefined:undefined:undefined":28,"s:116:2:122:Infinity":56,"s:117:4:120:Infinity":57,"s:121:4:121:Infinity":58,"s:124:14:124:47":59,"b:125:2:128:Infinity:undefined:undefined:undefined:undefined":29,"s:125:2:128:Infinity":60,"s:126:4:126:Infinity":61,"s:127:4:127:Infinity":62,"s:131:2:136:Infinity":63,"s:132:4:132:Infinity":64,"s:134:4:134:Infinity":65,"s:135:4:135:Infinity":66,"s:138:15:138:63":67,"b:138:39:138:45:138:48:138:63":30,"b:139:2:142:Infinity:undefined:undefined:undefined:undefined":31,"s:139:2:142:Infinity":68,"b:139:6:139:26:139:30:139:47":32,"s:140:4:140:Infinity":69,"s:141:4:141:Infinity":70,"s:146:19:146:61":71,"f:146:32:146:33":7,"s:146:44:146:60":72,"b:147:2:152:Infinity:undefined:undefined:undefined:undefined":33,"s:147:2:152:Infinity":73,"s:148:4:148:Infinity":74,"s:149:4:149:Infinity":75,"f:149:21:149:22":8,"s:149:28:149:53":76,"s:150:4:150:Infinity":77,"s:151:4:151:Infinity":78,"s:154:2:154:Infinity":79,"b:155:2:160:Infinity:undefined:undefined:undefined:undefined":34,"s:155:2:160:Infinity":80,"s:156:4:156:Infinity":81,"s:157:4:157:Infinity":82,"f:157:17:157:18":9,"s:157:27:157:79":83,"s:158:4:158:Infinity":84,"s:159:4:159:Infinity":85,"s:162:2:162:Infinity":86,"s:163:2:163:Infinity":87,"s:167:20:167:67":88,"b:167:46:167:58:167:62:167:64":35,"s:168:14:168:74":89,"b:169:2:180:Infinity:178:9:180:Infinity":36,"s:169:2:180:Infinity":90,"s:170:4:176:Infinity":91,"s:177:4:177:Infinity":92,"s:179:4:179:Infinity":93,"s:182:16:182:17":94,"s:183:16:183:17":95,"s:185:2:204:Infinity":96,"s:186:16:186:37":97,"s:188:21:191:6":98,"b:193:4:203:Infinity:200:11:203:Infinity":37,"s:193:4:203:Infinity":99,"s:195:45:195:48":100,"s:196:6:196:Infinity":101,"b:197:6:197:Infinity:undefined:undefined:undefined:undefined":38,"s:197:6:197:Infinity":102,"s:197:25:197:Infinity":103,"s:198:6:198:Infinity":104,"s:199:6:199:Infinity":105,"s:201:6:201:Infinity":106,"s:202:6:202:Infinity":107,"s:206:2:206:Infinity":108,"s:207:2:207:Infinity":109,"s:209:2:209:Infinity":110,"s:212:0:217:Infinity":111,"f:212:12:212:17":10,"s:213:2:213:Infinity":112,"b:214:2:214:Infinity:undefined:undefined:undefined:undefined":39,"s:214:2:214:Infinity":113,"s:214:18:214:Infinity":114,"s:215:2:215:Infinity":115,"f:215:29:215:30":11,"s:216:2:216:Infinity":116},"fnNames":{}}}
,"C:\\DOCUMINDAI\\campus-nest\\server\\src\\index.js": {"path":"C:\\DOCUMINDAI\\campus-nest\\server\\src\\index.js","statementMap":{"0":{"start":{"line":1,"column":0},"end":{"line":1,"column":null}},"1":{"start":{"line":3,"column":16},"end":{"line":3,"column":34}},"2":{"start":{"line":4,"column":13},"end":{"line":4,"column":28}},"3":{"start":{"line":5,"column":17},"end":{"line":5,"column":36}},"4":{"start":{"line":7,"column":22},"end":{"line":7,"column":44}},"5":{"start":{"line":8,"column":54},"end":{"line":8,"column":84}},"6":{"start":{"line":9,"column":52},"end":{"line":9,"column":83}},"7":{"start":{"line":11,"column":19},"end":{"line":11,"column":50}},"8":{"start":{"line":12,"column":22},"end":{"line":12,"column":56}},"9":{"start":{"line":13,"column":21},"end":{"line":13,"column":54}},"10":{"start":{"line":14,"column":20},"end":{"line":14,"column":52}},"11":{"start":{"line":16,"column":27},"end":{"line":16,"column":60}},"12":{"start":{"line":18,"column":12},"end":{"line":18,"column":21}},"13":{"start":{"line":19,"column":13},"end":{"line":19,"column":37}},"14":{"start":{"line":25,"column":0},"end":{"line":25,"column":null}},"15":{"start":{"line":31,"column":18},"end":{"line":34,"column":18}},"16":{"start":{"line":33,"column":14},"end":{"line":33,"column":41}},"17":{"start":{"line":36,"column":0},"end":{"line":49,"column":null}},"18":{"start":{"line":39,"column":6},"end":{"line":39,"column":51}},"19":{"start":{"line":39,"column":29},"end":{"line":39,"column":51}},"20":{"start":{"line":40,"column":6},"end":{"line":40,"column":41}},"21":{"start":{"line":40,"column":19},"end":{"line":40,"column":41}},"22":{"start":{"line":41,"column":25},"end":{"line":41,"column":50}},"23":{"start":{"line":42,"column":6},"end":{"line":42,"column":null}},"24":{"start":{"line":42,"column":42},"end":{"line":42,"column":null}},"25":{"start":{"line":45,"column":6},"end":{"line":45,"column":null}},"26":{"start":{"line":52,"column":0},"end":{"line":52,"column":null}},"27":{"start":{"line":53,"column":0},"end":{"line":53,"column":null}},"28":{"start":{"line":56,"column":0},"end":{"line":62,"column":null}},"29":{"start":{"line":65,"column":0},"end":{"line":95,"column":null}},"30":{"start":{"line":66,"column":17},"end":{"line":66,"column":77}},"31":{"start":{"line":67,"column":2},"end":{"line":94,"column":null}},"32":{"start":{"line":97,"column":0},"end":{"line":102,"column":null}},"33":{"start":{"line":98,"column":2},"end":{"line":101,"column":null}},"34":{"start":{"line":109,"column":24},"end":{"line":109,"column":28}},"35":{"start":{"line":112,"column":2},"end":{"line":112,"column":null}},"36":{"start":{"line":112,"column":44},"end":{"line":112,"column":null}},"37":{"start":{"line":113,"column":2},"end":{"line":118,"column":null}},"38":{"start":{"line":114,"column":4},"end":{"line":117,"column":null}},"39":{"start":{"line":115,"column":6},"end":{"line":115,"column":31}},"40":{"start":{"line":116,"column":6},"end":{"line":116,"column":null}},"41":{"start":{"line":119,"column":2},"end":{"line":119,"column":null}},"42":{"start":{"line":124,"column":0},"end":{"line":126,"column":null}},"43":{"start":{"line":125,"column":2},"end":{"line":125,"column":null}},"44":{"start":{"line":125,"column":33},"end":{"line":125,"column":39}},"45":{"start":{"line":129,"column":0},"end":{"line":129,"column":null}},"46":{"start":{"line":131,"column":0},"end":{"line":131,"column":null}},"47":{"start":{"line":132,"column":0},"end":{"line":132,"column":null}},"48":{"start":{"line":133,"column":0},"end":{"line":133,"column":null}},"49":{"start":{"line":134,"column":0},"end":{"line":134,"column":null}},"50":{"start":{"line":137,"column":0},"end":{"line":137,"column":null}},"51":{"start":{"line":138,"column":0},"end":{"line":138,"column":null}},"52":{"start":{"line":142,"column":2},"end":{"line":156,"column":null}},"53":{"start":{"line":143,"column":4},"end":{"line":145,"column":null}},"54":{"start":{"line":144,"column":6},"end":{"line":144,"column":null}},"55":{"start":{"line":146,"column":4},"end":{"line":146,"column":null}},"56":{"start":{"line":147,"column":4},"end":{"line":152,"column":null}},"57":{"start":{"line":148,"column":6},"end":{"line":148,"column":null}},"58":{"start":{"line":149,"column":6},"end":{"line":151,"column":null}},"59":{"start":{"line":154,"column":4},"end":{"line":154,"column":null}},"60":{"start":{"line":155,"column":4},"end":{"line":155,"column":null}},"61":{"start":{"line":160,"column":0},"end":{"line":160,"column":null}},"62":{"start":{"line":160,"column":29},"end":{"line":160,"column":null}},"63":{"start":{"line":162,"column":0},"end":{"line":162,"column":null}}},"fnMap":{"0":{"name":"(anonymous_0)","decl":{"start":{"line":33,"column":7},"end":{"line":33,"column":8}},"loc":{"start":{"line":33,"column":14},"end":{"line":33,"column":41}},"line":33},"1":{"name":"origin","decl":{"start":{"line":38,"column":4},"end":{"line":38,"column":10}},"loc":{"start":{"line":38,"column":23},"end":{"line":46,"column":5}},"line":38},"2":{"name":"(anonymous_2)","decl":{"start":{"line":65,"column":23},"end":{"line":65,"column":24}},"loc":{"start":{"line":65,"column":38},"end":{"line":95,"column":1}},"line":65},"3":{"name":"(anonymous_3)","decl":{"start":{"line":97,"column":13},"end":{"line":97,"column":14}},"loc":{"start":{"line":97,"column":28},"end":{"line":102,"column":1}},"line":97},"4":{"name":"ensureDbConnected","decl":{"start":{"line":111,"column":9},"end":{"line":111,"column":26}},"loc":{"start":{"line":111,"column":29},"end":{"line":120,"column":null}},"line":111},"5":{"name":"(anonymous_5)","decl":{"start":{"line":114,"column":42},"end":{"line":114,"column":43}},"loc":{"start":{"line":114,"column":51},"end":{"line":117,"column":5}},"line":114},"6":{"name":"(anonymous_6)","decl":{"start":{"line":124,"column":16},"end":{"line":124,"column":17}},"loc":{"start":{"line":124,"column":36},"end":{"line":126,"column":1}},"line":124},"7":{"name":"(anonymous_7)","decl":{"start":{"line":125,"column":27},"end":{"line":125,"column":28}},"loc":{"start":{"line":125,"column":33},"end":{"line":125,"column":39}},"line":125},"8":{"name":"start","decl":{"start":{"line":141,"column":15},"end":{"line":141,"column":20}},"loc":{"start":{"line":141,"column":23},"end":{"line":157,"column":null}},"line":141},"9":{"name":"(anonymous_9)","decl":{"start":{"line":147,"column":21},"end":{"line":147,"column":22}},"loc":{"start":{"line":147,"column":27},"end":{"line":152,"column":5}},"line":147}},"branchMap":{"0":{"loc":{"start":{"line":19,"column":13},"end":{"line":19,"column":37}},"type":"binary-expr","locations":[{"start":{"line":19,"column":13},"end":{"line":19,"column":29}},{"start":{"line":19,"column":33},"end":{"line":19,"column":37}}],"line":19},"1":{"loc":{"start":{"line":31,"column":19},"end":{"line":31,"column":50}},"type":"binary-expr","locations":[{"start":{"line":31,"column":19},"end":{"line":31,"column":44}},{"start":{"line":31,"column":48},"end":{"line":31,"column":50}}],"line":31},"2":{"loc":{"start":{"line":39,"column":6},"end":{"line":39,"column":51}},"type":"if","locations":[{"start":{"line":39,"column":6},"end":{"line":39,"column":51}},{"start":{},"end":{}}],"line":39},"3":{"loc":{"start":{"line":40,"column":6},"end":{"line":40,"column":41}},"type":"if","locations":[{"start":{"line":40,"column":6},"end":{"line":40,"column":41}},{"start":{},"end":{}}],"line":40},"4":{"loc":{"start":{"line":42,"column":6},"end":{"line":42,"column":null}},"type":"if","locations":[{"start":{"line":42,"column":6},"end":{"line":42,"column":null}},{"start":{},"end":{}}],"line":42},"5":{"loc":{"start":{"line":69,"column":8},"end":{"line":69,"column":59}},"type":"binary-expr","locations":[{"start":{"line":69,"column":8},"end":{"line":69,"column":46}},{"start":{"line":69,"column":50},"end":{"line":69,"column":59}}],"line":69},"6":{"loc":{"start":{"line":73,"column":13},"end":{"line":73,"column":51}},"type":"cond-expr","locations":[{"start":{"line":73,"column":30},"end":{"line":73,"column":42}},{"start":{"line":73,"column":45},"end":{"line":73,"column":51}}],"line":73},"7":{"loc":{"start":{"line":80,"column":8},"end":{"line":82,"column":null}},"type":"binary-expr","locations":[{"start":{"line":80,"column":8},"end":{"line":80,"column":41}},{"start":{"line":81,"column":10},"end":{"line":81,"column":40}},{"start":{"line":82,"column":10},"end":{"line":82,"column":null}}],"line":80},"8":{"loc":{"start":{"line":89,"column":6},"end":{"line":90,"column":33}},"type":"binary-expr","locations":[{"start":{"line":89,"column":6},"end":{"line":90,"column":20}},{"start":{"line":90,"column":24},"end":{"line":90,"column":33}}],"line":89},"9":{"loc":{"start":{"line":89,"column":7},"end":{"line":89,"column":79}},"type":"binary-expr","locations":[{"start":{"line":89,"column":7},"end":{"line":89,"column":36}},{"start":{"line":89,"column":40},"end":{"line":89,"column":73}},{"start":{"line":89,"column":77},"end":{"line":89,"column":79}}],"line":89},"10":{"loc":{"start":{"line":91,"column":10},"end":{"line":91,"column":81}},"type":"cond-expr","locations":[{"start":{"line":91,"column":31},"end":{"line":91,"column":39}},{"start":{"line":91,"column":42},"end":{"line":91,"column":81}}],"line":91},"11":{"loc":{"start":{"line":91,"column":42},"end":{"line":91,"column":81}},"type":"cond-expr","locations":[{"start":{"line":91,"column":63},"end":{"line":91,"column":71}},{"start":{"line":91,"column":74},"end":{"line":91,"column":81}}],"line":91},"12":{"loc":{"start":{"line":112,"column":2},"end":{"line":112,"column":null}},"type":"if","locations":[{"start":{"line":112,"column":2},"end":{"line":112,"column":null}},{"start":{},"end":{}}],"line":112},"13":{"loc":{"start":{"line":113,"column":2},"end":{"line":118,"column":null}},"type":"if","locations":[{"start":{"line":113,"column":2},"end":{"line":118,"column":null}},{"start":{},"end":{}}],"line":113},"14":{"loc":{"start":{"line":143,"column":4},"end":{"line":145,"column":null}},"type":"if","locations":[{"start":{"line":143,"column":4},"end":{"line":145,"column":null}},{"start":{},"end":{}}],"line":143},"15":{"loc":{"start":{"line":150,"column":23},"end":{"line":150,"column":100}},"type":"cond-expr","locations":[{"start":{"line":150,"column":42},"end":{"line":150,"column":62}},{"start":{"line":150,"column":65},"end":{"line":150,"column":100}}],"line":150},"16":{"loc":{"start":{"line":160,"column":0},"end":{"line":160,"column":null}},"type":"if","locations":[{"start":{"line":160,"column":0},"end":{"line":160,"column":null}},{"start":{},"end":{}}],"line":160}},"s":{"0":6,"1":6,"2":6,"3":6,"4":6,"5":6,"6":6,"7":6,"8":6,"9":6,"10":6,"11":6,"12":6,"13":6,"14":6,"15":6,"16":7,"17":6,"18":456,"19":451,"20":5,"21":1,"22":4,"23":4,"24":3,"25":1,"26":6,"27":6,"28":6,"29":6,"30":6,"31":6,"32":6,"33":0,"34":6,"35":447,"36":447,"37":0,"38":0,"39":0,"40":0,"41":0,"42":6,"43":447,"44":447,"45":6,"46":6,"47":6,"48":6,"49":6,"50":6,"51":6,"52":0,"53":0,"54":0,"55":0,"56":0,"57":0,"58":0,"59":0,"60":0,"61":6,"62":0,"63":6},"f":{"0":7,"1":456,"2":6,"3":0,"4":447,"5":0,"6":447,"7":447,"8":0,"9":0},"b":{"0":[6,0],"1":[6,5],"2":[451,5],"3":[1,4],"4":[3,1],"5":[6,0],"6":[0,6],"7":[6,0,0],"8":[6,6],"9":[6,6,6],"10":[0,6],"11":[0,6],"12":[447,0],"13":[0,0],"14":[0,0],"15":[0,0],"16":[0,6]},"meta":{"lastBranch":17,"lastFunction":10,"lastStatement":64,"seen":{"s:1:0:1:Infinity":0,"s:3:16:3:34":1,"s:4:13:4:28":2,"s:5:17:5:36":3,"s:7:22:7:44":4,"s:8:54:8:84":5,"s:9:52:9:83":6,"s:11:19:11:50":7,"s:12:22:12:56":8,"s:13:21:13:54":9,"s:14:20:14:52":10,"s:16:27:16:60":11,"s:18:12:18:21":12,"s:19:13:19:37":13,"b:19:13:19:29:19:33:19:37":0,"s:25:0:25:Infinity":14,"s:31:18:34:18":15,"b:31:19:31:44:31:48:31:50":1,"f:33:7:33:8":0,"s:33:14:33:41":16,"s:36:0:49:Infinity":17,"f:38:4:38:10":1,"b:39:6:39:51:undefined:undefined:undefined:undefined":2,"s:39:6:39:51":18,"s:39:29:39:51":19,"b:40:6:40:41:undefined:undefined:undefined:undefined":3,"s:40:6:40:41":20,"s:40:19:40:41":21,"s:41:25:41:50":22,"b:42:6:42:Infinity:undefined:undefined:undefined:undefined":4,"s:42:6:42:Infinity":23,"s:42:42:42:Infinity":24,"s:45:6:45:Infinity":25,"s:52:0:52:Infinity":26,"s:53:0:53:Infinity":27,"s:56:0:62:Infinity":28,"s:65:0:95:Infinity":29,"f:65:23:65:24":2,"s:66:17:66:77":30,"s:67:2:94:Infinity":31,"b:69:8:69:46:69:50:69:59":5,"b:73:30:73:42:73:45:73:51":6,"b:80:8:80:41:81:10:81:40:82:10:82:Infinity":7,"b:89:6:90:20:90:24:90:33":8,"b:89:7:89:36:89:40:89:73:89:77:89:79":9,"b:91:31:91:39:91:42:91:81":10,"b:91:63:91:71:91:74:91:81":11,"s:97:0:102:Infinity":32,"f:97:13:97:14":3,"s:98:2:101:Infinity":33,"s:109:24:109:28":34,"f:111:9:111:26":4,"b:112:2:112:Infinity:undefined:undefined:undefined:undefined":12,"s:112:2:112:Infinity":35,"s:112:44:112:Infinity":36,"b:113:2:118:Infinity:undefined:undefined:undefined:undefined":13,"s:113:2:118:Infinity":37,"s:114:4:117:Infinity":38,"f:114:42:114:43":5,"s:115:6:115:31":39,"s:116:6:116:Infinity":40,"s:119:2:119:Infinity":41,"s:124:0:126:Infinity":42,"f:124:16:124:17":6,"s:125:2:125:Infinity":43,"f:125:27:125:28":7,"s:125:33:125:39":44,"s:129:0:129:Infinity":45,"s:131:0:131:Infinity":46,"s:132:0:132:Infinity":47,"s:133:0:133:Infinity":48,"s:134:0:134:Infinity":49,"s:137:0:137:Infinity":50,"s:138:0:138:Infinity":51,"f:141:15:141:20":8,"s:142:2:156:Infinity":52,"b:143:4:145:Infinity:undefined:undefined:undefined:undefined":14,"s:143:4:145:Infinity":53,"s:144:6:144:Infinity":54,"s:146:4:146:Infinity":55,"s:147:4:152:Infinity":56,"f:147:21:147:22":9,"s:148:6:148:Infinity":57,"s:149:6:151:Infinity":58,"b:150:42:150:62:150:65:150:100":15,"s:154:4:154:Infinity":59,"s:155:4:155:Infinity":60,"b:160:0:160:Infinity:undefined:undefined:undefined:undefined":16,"s:160:0:160:Infinity":61,"s:160:29:160:Infinity":62,"s:162:0:162:Infinity":63},"fnNames":{}}}
,"C:\\DOCUMINDAI\\campus-nest\\server\\src\\seed.js": {"path":"C:\\DOCUMINDAI\\campus-nest\\server\\src\\seed.js","statementMap":{"0":{"start":{"line":26,"column":0},"end":{"line":26,"column":null}},"1":{"start":{"line":28,"column":17},"end":{"line":28,"column":null}},"2":{"start":{"line":29,"column":36},"end":{"line":29,"column":null}},"3":{"start":{"line":30,"column":13},"end":{"line":30,"column":null}},"4":{"start":{"line":31,"column":16},"end":{"line":31,"column":null}},"5":{"start":{"line":32,"column":15},"end":{"line":32,"column":null}},"6":{"start":{"line":34,"column":22},"end":{"line":34,"column":null}},"7":{"start":{"line":39,"column":14},"end":{"line":46,"column":null}},"8":{"start":{"line":50,"column":17},"end":{"line":205,"column":null}},"9":{"start":{"line":209,"column":16},"end":{"line":250,"column":null}},"10":{"start":{"line":254,"column":16},"end":{"line":254,"column":null}},"11":{"start":{"line":255,"column":2},"end":{"line":261,"column":null}},"12":{"start":{"line":256,"column":4},"end":{"line":259,"column":null}},"13":{"start":{"line":260,"column":4},"end":{"line":260,"column":null}},"14":{"start":{"line":263,"column":2},"end":{"line":263,"column":null}},"15":{"start":{"line":264,"column":2},"end":{"line":264,"column":null}},"16":{"start":{"line":265,"column":2},"end":{"line":265,"column":null}},"17":{"start":{"line":267,"column":2},"end":{"line":271,"column":null}},"18":{"start":{"line":274,"column":2},"end":{"line":278,"column":null}},"19":{"start":{"line":280,"column":23},"end":{"line":280,"column":null}},"20":{"start":{"line":281,"column":23},"end":{"line":283,"column":null}},"21":{"start":{"line":282,"column":34},"end":{"line":282,"column":78}},"22":{"start":{"line":284,"column":20},"end":{"line":284,"column":null}},"23":{"start":{"line":284,"column":59},"end":{"line":284,"column":83}},"24":{"start":{"line":285,"column":2},"end":{"line":285,"column":null}},"25":{"start":{"line":287,"column":26},"end":{"line":289,"column":null}},"26":{"start":{"line":288,"column":44},"end":{"line":288,"column":86}},"27":{"start":{"line":290,"column":23},"end":{"line":290,"column":null}},"28":{"start":{"line":290,"column":65},"end":{"line":290,"column":92}},"29":{"start":{"line":291,"column":2},"end":{"line":291,"column":null}},"30":{"start":{"line":293,"column":21},"end":{"line":305,"column":null}},"31":{"start":{"line":294,"column":65},"end":{"line":294,"column":null}},"32":{"start":{"line":295,"column":18},"end":{"line":295,"column":null}},"33":{"start":{"line":296,"column":4},"end":{"line":298,"column":null}},"34":{"start":{"line":297,"column":6},"end":{"line":297,"column":null}},"35":{"start":{"line":299,"column":4},"end":{"line":304,"column":null}},"36":{"start":{"line":307,"column":25},"end":{"line":307,"column":null}},"37":{"start":{"line":308,"column":2},"end":{"line":308,"column":null}},"38":{"start":{"line":310,"column":18},"end":{"line":310,"column":null}},"39":{"start":{"line":310,"column":50},"end":{"line":310,"column":58}},"40":{"start":{"line":311,"column":2},"end":{"line":311,"column":null}},"41":{"start":{"line":312,"column":2},"end":{"line":312,"column":null}},"42":{"start":{"line":312,"column":25},"end":{"line":312,"column":55}},"43":{"start":{"line":313,"column":2},"end":{"line":313,"column":null}},"44":{"start":{"line":314,"column":2},"end":{"line":314,"column":null}},"45":{"start":{"line":314,"column":35},"end":{"line":314,"column":90}},"46":{"start":{"line":315,"column":2},"end":{"line":317,"column":null}},"47":{"start":{"line":318,"column":2},"end":{"line":318,"column":null}},"48":{"start":{"line":320,"column":2},"end":{"line":320,"column":null}},"49":{"start":{"line":323,"column":0},"end":{"line":328,"column":null}},"50":{"start":{"line":324,"column":2},"end":{"line":324,"column":null}},"51":{"start":{"line":325,"column":2},"end":{"line":325,"column":null}},"52":{"start":{"line":325,"column":18},"end":{"line":325,"column":null}},"53":{"start":{"line":326,"column":2},"end":{"line":326,"column":null}},"54":{"start":{"line":327,"column":2},"end":{"line":327,"column":null}}},"fnMap":{"0":{"name":"seed","decl":{"start":{"line":253,"column":15},"end":{"line":253,"column":22}},"loc":{"start":{"line":253,"column":22},"end":{"line":321,"column":null}},"line":253},"1":{"name":"(anonymous_1)","decl":{"start":{"line":282,"column":10},"end":{"line":282,"column":15}},"loc":{"start":{"line":282,"column":34},"end":{"line":282,"column":78}},"line":282},"2":{"name":"(anonymous_2)","decl":{"start":{"line":284,"column":45},"end":{"line":284,"column":50}},"loc":{"start":{"line":284,"column":59},"end":{"line":284,"column":83}},"line":284},"3":{"name":"(anonymous_3)","decl":{"start":{"line":288,"column":13},"end":{"line":288,"column":18}},"loc":{"start":{"line":288,"column":44},"end":{"line":288,"column":86}},"line":288},"4":{"name":"(anonymous_4)","decl":{"start":{"line":290,"column":51},"end":{"line":290,"column":56}},"loc":{"start":{"line":290,"column":65},"end":{"line":290,"column":92}},"line":290},"5":{"name":"(anonymous_5)","decl":{"start":{"line":293,"column":29},"end":{"line":293,"column":34}},"loc":{"start":{"line":293,"column":70},"end":{"line":305,"column":3}},"line":293},"6":{"name":"(anonymous_6)","decl":{"start":{"line":310,"column":39},"end":{"line":310,"column":44}},"loc":{"start":{"line":310,"column":50},"end":{"line":310,"column":58}},"line":310},"7":{"name":"(anonymous_7)","decl":{"start":{"line":312,"column":10},"end":{"line":312,"column":19}},"loc":{"start":{"line":312,"column":25},"end":{"line":312,"column":55}},"line":312},"8":{"name":"(anonymous_8)","decl":{"start":{"line":314,"column":20},"end":{"line":314,"column":29}},"loc":{"start":{"line":314,"column":35},"end":{"line":314,"column":90}},"line":314},"9":{"name":"(anonymous_9)","decl":{"start":{"line":323,"column":13},"end":{"line":323,"column":20}},"loc":{"start":{"line":323,"column":28},"end":{"line":328,"column":1}},"line":323},"10":{"name":"(anonymous_10)","decl":{"start":{"line":326,"column":23},"end":{"line":326,"column":35}},"loc":{"start":{"line":326,"column":35},"end":{"line":326,"column":37}},"line":326}},"branchMap":{"0":{"loc":{"start":{"line":255,"column":2},"end":{"line":261,"column":null}},"type":"if","locations":[{"start":{"line":255,"column":2},"end":{"line":261,"column":null}},{"start":{},"end":{}}],"line":255},"1":{"loc":{"start":{"line":255,"column":2},"end":{"line":255,"column":55}},"type":"binary-expr","locations":[{"start":{"line":255,"column":2},"end":{"line":255,"column":47}},{"start":{"line":255,"column":47},"end":{"line":255,"column":55}}],"line":255},"2":{"loc":{"start":{"line":296,"column":4},"end":{"line":298,"column":null}},"type":"if","locations":[{"start":{"line":296,"column":4},"end":{"line":298,"column":null}},{"start":{},"end":{}}],"line":296},"3":{"loc":{"start":{"line":325,"column":2},"end":{"line":325,"column":null}},"type":"if","locations":[{"start":{"line":325,"column":2},"end":{"line":325,"column":null}},{"start":{},"end":{}}],"line":325}},"s":{"0":0,"1":0,"2":0,"3":0,"4":0,"5":0,"6":0,"7":0,"8":0,"9":0,"10":0,"11":0,"12":0,"13":0,"14":0,"15":0,"16":0,"17":0,"18":0,"19":0,"20":0,"21":0,"22":0,"23":0,"24":0,"25":0,"26":0,"27":0,"28":0,"29":0,"30":0,"31":0,"32":0,"33":0,"34":0,"35":0,"36":0,"37":0,"38":0,"39":0,"40":0,"41":0,"42":0,"43":0,"44":0,"45":0,"46":0,"47":0,"48":0,"49":0,"50":0,"51":0,"52":0,"53":0,"54":0},"f":{"0":0,"1":0,"2":0,"3":0,"4":0,"5":0,"6":0,"7":0,"8":0,"9":0,"10":0},"b":{"0":[0,0],"1":[0,0],"2":[0,0],"3":[0,0]},"meta":{"lastBranch":4,"lastFunction":11,"lastStatement":55,"seen":{"s:26:0:26:Infinity":0,"s:28:17:28:Infinity":1,"s:29:36:29:Infinity":2,"s:30:13:30:Infinity":3,"s:31:16:31:Infinity":4,"s:32:15:32:Infinity":5,"s:34:22:34:Infinity":6,"s:39:14:46:Infinity":7,"s:50:17:205:Infinity":8,"s:209:16:250:Infinity":9,"f:253:15:253:22":0,"s:254:16:254:Infinity":10,"b:255:2:261:Infinity:undefined:undefined:undefined:undefined":0,"s:255:2:261:Infinity":11,"b:255:2:255:47:255:47:255:55":1,"s:256:4:259:Infinity":12,"s:260:4:260:Infinity":13,"s:263:2:263:Infinity":14,"s:264:2:264:Infinity":15,"s:265:2:265:Infinity":16,"s:267:2:271:Infinity":17,"s:274:2:278:Infinity":18,"s:280:23:280:Infinity":19,"s:281:23:283:Infinity":20,"f:282:10:282:15":1,"s:282:34:282:78":21,"s:284:20:284:Infinity":22,"f:284:45:284:50":2,"s:284:59:284:83":23,"s:285:2:285:Infinity":24,"s:287:26:289:Infinity":25,"f:288:13:288:18":3,"s:288:44:288:86":26,"s:290:23:290:Infinity":27,"f:290:51:290:56":4,"s:290:65:290:92":28,"s:291:2:291:Infinity":29,"s:293:21:305:Infinity":30,"f:293:29:293:34":5,"s:294:65:294:Infinity":31,"s:295:18:295:Infinity":32,"b:296:4:298:Infinity:undefined:undefined:undefined:undefined":2,"s:296:4:298:Infinity":33,"s:297:6:297:Infinity":34,"s:299:4:304:Infinity":35,"s:307:25:307:Infinity":36,"s:308:2:308:Infinity":37,"s:310:18:310:Infinity":38,"f:310:39:310:44":6,"s:310:50:310:58":39,"s:311:2:311:Infinity":40,"s:312:2:312:Infinity":41,"f:312:10:312:19":7,"s:312:25:312:55":42,"s:313:2:313:Infinity":43,"s:314:2:314:Infinity":44,"f:314:20:314:29":8,"s:314:35:314:90":45,"s:315:2:317:Infinity":46,"s:318:2:318:Infinity":47,"s:320:2:320:Infinity":48,"s:323:0:328:Infinity":49,"f:323:13:323:20":9,"s:324:2:324:Infinity":50,"b:325:2:325:Infinity:undefined:undefined:undefined:undefined":3,"s:325:2:325:Infinity":51,"s:325:18:325:Infinity":52,"s:326:2:326:Infinity":53,"f:326:23:326:35":10,"s:327:2:327:Infinity":54},"fnNames":{}}}
,"C:\\DOCUMINDAI\\campus-nest\\server\\src\\config\\db.js": {"path":"C:\\DOCUMINDAI\\campus-nest\\server\\src\\config\\db.js","statementMap":{"0":{"start":{"line":1,"column":17},"end":{"line":1,"column":36}},"1":{"start":{"line":8,"column":2},"end":{"line":12,"column":null}},"2":{"start":{"line":9,"column":4},"end":{"line":11,"column":null}},"3":{"start":{"line":15,"column":2},"end":{"line":15,"column":null}},"4":{"start":{"line":17,"column":15},"end":{"line":19,"column":4}},"5":{"start":{"line":21,"column":2},"end":{"line":21,"column":null}},"6":{"start":{"line":22,"column":2},"end":{"line":22,"column":null}},"7":{"start":{"line":26,"column":2},"end":{"line":26,"column":null}},"8":{"start":{"line":29,"column":0},"end":{"line":29,"column":null}}},"fnMap":{"0":{"name":"connectDB","decl":{"start":{"line":7,"column":15},"end":{"line":7,"column":24}},"loc":{"start":{"line":7,"column":56},"end":{"line":23,"column":null}},"line":7},"1":{"name":"disconnectDB","decl":{"start":{"line":25,"column":15},"end":{"line":25,"column":27}},"loc":{"start":{"line":25,"column":30},"end":{"line":27,"column":null}},"line":25}},"branchMap":{"0":{"loc":{"start":{"line":7,"column":25},"end":{"line":7,"column":54}},"type":"default-arg","locations":[{"start":{"line":7,"column":31},"end":{"line":7,"column":54}}],"line":7},"1":{"loc":{"start":{"line":8,"column":2},"end":{"line":12,"column":null}},"type":"if","locations":[{"start":{"line":8,"column":2},"end":{"line":12,"column":null}},{"start":{},"end":{}}],"line":8}},"s":{"0":6,"1":0,"2":0,"3":0,"4":0,"5":0,"6":0,"7":0,"8":6},"f":{"0":0,"1":0},"b":{"0":[0],"1":[0,0]},"meta":{"lastBranch":2,"lastFunction":2,"lastStatement":9,"seen":{"s:1:17:1:36":0,"f:7:15:7:24":0,"b:7:31:7:54":0,"b:8:2:12:Infinity:undefined:undefined:undefined:undefined":1,"s:8:2:12:Infinity":1,"s:9:4:11:Infinity":2,"s:15:2:15:Infinity":3,"s:17:15:19:4":4,"s:21:2:21:Infinity":5,"s:22:2:22:Infinity":6,"f:25:15:25:27":1,"s:26:2:26:Infinity":7,"s:29:0:29:Infinity":8},"fnNames":{}}}
,"C:\\DOCUMINDAI\\campus-nest\\server\\src\\controllers\\admin.controller.js": {"path":"C:\\DOCUMINDAI\\campus-nest\\server\\src\\controllers\\admin.controller.js","statementMap":{"0":{"start":{"line":1,"column":15},"end":{"line":1,"column":42}},"1":{"start":{"line":2,"column":16},"end":{"line":2,"column":44}},"2":{"start":{"line":3,"column":13},"end":{"line":3,"column":38}},"3":{"start":{"line":4,"column":30},"end":{"line":4,"column":61}},"4":{"start":{"line":5,"column":35},"end":{"line":5,"column":67}},"5":{"start":{"line":14,"column":17},"end":{"line":24,"column":2}},"6":{"start":{"line":15,"column":54},"end":{"line":21,"column":4}},"7":{"start":{"line":23,"column":2},"end":{"line":23,"column":null}},"8":{"start":{"line":30,"column":20},"end":{"line":61,"column":2}},"9":{"start":{"line":31,"column":17},"end":{"line":31,"column":46}},"10":{"start":{"line":34,"column":4},"end":{"line":38,"column":60}},"11":{"start":{"line":40,"column":18},"end":{"line":45,"column":15}},"12":{"start":{"line":47,"column":2},"end":{"line":60,"column":null}},"13":{"start":{"line":51,"column":19},"end":{"line":51,"column":29}},"14":{"start":{"line":53,"column":6},"end":{"line":57,"column":null}},"15":{"start":{"line":53,"column":53},"end":{"line":57,"column":7}},"16":{"start":{"line":58,"column":6},"end":{"line":58,"column":null}},"17":{"start":{"line":64,"column":24},"end":{"line":82,"column":2}},"18":{"start":{"line":65,"column":2},"end":{"line":67,"column":null}},"19":{"start":{"line":66,"column":4},"end":{"line":66,"column":null}},"20":{"start":{"line":69,"column":17},"end":{"line":69,"column":53}},"21":{"start":{"line":70,"column":2},"end":{"line":70,"column":null}},"22":{"start":{"line":70,"column":15},"end":{"line":70,"column":null}},"23":{"start":{"line":72,"column":2},"end":{"line":72,"column":null}},"24":{"start":{"line":73,"column":2},"end":{"line":75,"column":null}},"25":{"start":{"line":76,"column":2},"end":{"line":76,"column":null}},"26":{"start":{"line":78,"column":2},"end":{"line":81,"column":null}},"27":{"start":{"line":85,"column":23},"end":{"line":96,"column":2}},"28":{"start":{"line":86,"column":17},"end":{"line":86,"column":72}},"29":{"start":{"line":87,"column":2},"end":{"line":87,"column":null}},"30":{"start":{"line":87,"column":15},"end":{"line":87,"column":null}},"31":{"start":{"line":89,"column":2},"end":{"line":89,"column":null}},"32":{"start":{"line":90,"column":2},"end":{"line":90,"column":null}},"33":{"start":{"line":91,"column":2},"end":{"line":91,"column":null}},"34":{"start":{"line":92,"column":2},"end":{"line":92,"column":null}},"35":{"start":{"line":93,"column":2},"end":{"line":93,"column":null}},"36":{"start":{"line":95,"column":2},"end":{"line":95,"column":null}},"37":{"start":{"line":99,"column":21},"end":{"line":105,"column":2}},"38":{"start":{"line":100,"column":17},"end":{"line":100,"column":53}},"39":{"start":{"line":101,"column":2},"end":{"line":101,"column":null}},"40":{"start":{"line":101,"column":15},"end":{"line":101,"column":null}},"41":{"start":{"line":103,"column":2},"end":{"line":103,"column":null}},"42":{"start":{"line":104,"column":2},"end":{"line":104,"column":null}},"43":{"start":{"line":108,"column":22},"end":{"line":117,"column":2}},"44":{"start":{"line":109,"column":18},"end":{"line":109,"column":55}},"45":{"start":{"line":110,"column":2},"end":{"line":110,"column":null}},"46":{"start":{"line":110,"column":16},"end":{"line":110,"column":null}},"47":{"start":{"line":112,"column":27},"end":{"line":112,"column":76}},"48":{"start":{"line":113,"column":2},"end":{"line":113,"column":null}},"49":{"start":{"line":114,"column":2},"end":{"line":114,"column":null}},"50":{"start":{"line":116,"column":2},"end":{"line":116,"column":null}},"51":{"start":{"line":119,"column":0},"end":{"line":126,"column":null}}},"fnMap":{"0":{"name":"(anonymous_0)","decl":{"start":{"line":14,"column":30},"end":{"line":14,"column":35}},"loc":{"start":{"line":14,"column":51},"end":{"line":24,"column":1}},"line":14},"1":{"name":"(anonymous_1)","decl":{"start":{"line":30,"column":33},"end":{"line":30,"column":38}},"loc":{"start":{"line":30,"column":53},"end":{"line":61,"column":1}},"line":30},"2":{"name":"(anonymous_2)","decl":{"start":{"line":50,"column":25},"end":{"line":50,"column":26}},"loc":{"start":{"line":50,"column":32},"end":{"line":59,"column":5}},"line":50},"3":{"name":"(anonymous_3)","decl":{"start":{"line":53,"column":43},"end":{"line":53,"column":44}},"loc":{"start":{"line":53,"column":53},"end":{"line":57,"column":7}},"line":53},"4":{"name":"(anonymous_4)","decl":{"start":{"line":64,"column":37},"end":{"line":64,"column":42}},"loc":{"start":{"line":64,"column":57},"end":{"line":82,"column":1}},"line":64},"5":{"name":"(anonymous_5)","decl":{"start":{"line":85,"column":36},"end":{"line":85,"column":41}},"loc":{"start":{"line":85,"column":56},"end":{"line":96,"column":1}},"line":85},"6":{"name":"(anonymous_6)","decl":{"start":{"line":99,"column":34},"end":{"line":99,"column":39}},"loc":{"start":{"line":99,"column":54},"end":{"line":105,"column":1}},"line":99},"7":{"name":"(anonymous_7)","decl":{"start":{"line":108,"column":35},"end":{"line":108,"column":40}},"loc":{"start":{"line":108,"column":55},"end":{"line":117,"column":1}},"line":108}},"branchMap":{"0":{"loc":{"start":{"line":31,"column":17},"end":{"line":31,"column":46}},"type":"binary-expr","locations":[{"start":{"line":31,"column":17},"end":{"line":31,"column":33}},{"start":{"line":31,"column":37},"end":{"line":31,"column":46}}],"line":31},"1":{"loc":{"start":{"line":34,"column":4},"end":{"line":38,"column":60}},"type":"cond-expr","locations":[{"start":{"line":35,"column":8},"end":{"line":35,"column":null}},{"start":{"line":36,"column":8},"end":{"line":38,"column":60}}],"line":34},"2":{"loc":{"start":{"line":36,"column":8},"end":{"line":38,"column":60}},"type":"cond-expr","locations":[{"start":{"line":37,"column":10},"end":{"line":37,"column":null}},{"start":{"line":38,"column":10},"end":{"line":38,"column":60}}],"line":36},"3":{"loc":{"start":{"line":53,"column":22},"end":{"line":53,"column":37}},"type":"binary-expr","locations":[{"start":{"line":53,"column":22},"end":{"line":53,"column":31}},{"start":{"line":53,"column":35},"end":{"line":53,"column":37}}],"line":53},"4":{"loc":{"start":{"line":65,"column":2},"end":{"line":67,"column":null}},"type":"if","locations":[{"start":{"line":65,"column":2},"end":{"line":67,"column":null}},{"start":{},"end":{}}],"line":65},"5":{"loc":{"start":{"line":70,"column":2},"end":{"line":70,"column":null}},"type":"if","locations":[{"start":{"line":70,"column":2},"end":{"line":70,"column":null}},{"start":{},"end":{}}],"line":70},"6":{"loc":{"start":{"line":73,"column":24},"end":{"line":75,"column":15}},"type":"cond-expr","locations":[{"start":{"line":74,"column":6},"end":{"line":74,"column":null}},{"start":{"line":75,"column":6},"end":{"line":75,"column":15}}],"line":73},"7":{"loc":{"start":{"line":74,"column":6},"end":{"line":74,"column":null}},"type":"binary-expr","locations":[{"start":{"line":74,"column":7},"end":{"line":74,"column":72}},{"start":{"line":74,"column":77},"end":{"line":74,"column":null}}],"line":74},"8":{"loc":{"start":{"line":74,"column":7},"end":{"line":74,"column":72}},"type":"cond-expr","locations":[{"start":{"line":74,"column":45},"end":{"line":74,"column":67}},{"start":{"line":74,"column":70},"end":{"line":74,"column":72}}],"line":74},"9":{"loc":{"start":{"line":79,"column":13},"end":{"line":79,"column":80}},"type":"cond-expr","locations":[{"start":{"line":79,"column":29},"end":{"line":79,"column":59}},{"start":{"line":79,"column":62},"end":{"line":79,"column":80}}],"line":79},"10":{"loc":{"start":{"line":87,"column":2},"end":{"line":87,"column":null}},"type":"if","locations":[{"start":{"line":87,"column":2},"end":{"line":87,"column":null}},{"start":{},"end":{}}],"line":87},"11":{"loc":{"start":{"line":101,"column":2},"end":{"line":101,"column":null}},"type":"if","locations":[{"start":{"line":101,"column":2},"end":{"line":101,"column":null}},{"start":{},"end":{}}],"line":101},"12":{"loc":{"start":{"line":110,"column":2},"end":{"line":110,"column":null}},"type":"if","locations":[{"start":{"line":110,"column":2},"end":{"line":110,"column":null}},{"start":{},"end":{}}],"line":110},"13":{"loc":{"start":{"line":116,"column":58},"end":{"line":116,"column":75}},"type":"binary-expr","locations":[{"start":{"line":116,"column":58},"end":{"line":116,"column":70}},{"start":{"line":116,"column":74},"end":{"line":116,"column":75}}],"line":116}},"s":{"0":6,"1":6,"2":6,"3":6,"4":6,"5":6,"6":1,"7":1,"8":6,"9":2,"10":2,"11":2,"12":2,"13":1,"14":1,"15":1,"16":1,"17":6,"18":5,"19":1,"20":4,"21":4,"22":0,"23":4,"24":4,"25":5,"26":4,"27":6,"28":1,"29":1,"30":0,"31":1,"32":1,"33":1,"34":1,"35":1,"36":1,"37":6,"38":0,"39":0,"40":0,"41":0,"42":0,"43":6,"44":0,"45":0,"46":0,"47":0,"48":0,"49":0,"50":0,"51":6},"f":{"0":1,"1":2,"2":1,"3":1,"4":5,"5":1,"6":0,"7":0},"b":{"0":[2,0],"1":[0,2],"2":[0,2],"3":[1,0],"4":[1,4],"5":[0,4],"6":[3,1],"7":[3,2],"8":[1,2],"9":[3,1],"10":[0,1],"11":[0,0],"12":[0,0],"13":[0,0]},"meta":{"lastBranch":14,"lastFunction":8,"lastStatement":52,"seen":{"s:1:15:1:42":0,"s:2:16:2:44":1,"s:3:13:3:38":2,"s:4:30:4:61":3,"s:5:35:5:67":4,"s:14:17:24:2":5,"f:14:30:14:35":0,"s:15:54:21:4":6,"s:23:2:23:Infinity":7,"s:30:20:61:2":8,"f:30:33:30:38":1,"s:31:17:31:46":9,"b:31:17:31:33:31:37:31:46":0,"s:34:4:38:60":10,"b:35:8:35:Infinity:36:8:38:60":1,"b:37:10:37:Infinity:38:10:38:60":2,"s:40:18:45:15":11,"s:47:2:60:Infinity":12,"f:50:25:50:26":2,"s:51:19:51:29":13,"s:53:6:57:Infinity":14,"b:53:22:53:31:53:35:53:37":3,"f:53:43:53:44":3,"s:53:53:57:7":15,"s:58:6:58:Infinity":16,"s:64:24:82:2":17,"f:64:37:64:42":4,"b:65:2:67:Infinity:undefined:undefined:undefined:undefined":4,"s:65:2:67:Infinity":18,"s:66:4:66:Infinity":19,"s:69:17:69:53":20,"b:70:2:70:Infinity:undefined:undefined:undefined:undefined":5,"s:70:2:70:Infinity":21,"s:70:15:70:Infinity":22,"s:72:2:72:Infinity":23,"s:73:2:75:Infinity":24,"b:74:6:74:Infinity:75:6:75:15":6,"b:74:7:74:72:74:77:74:Infinity":7,"b:74:45:74:67:74:70:74:72":8,"s:76:2:76:Infinity":25,"s:78:2:81:Infinity":26,"b:79:29:79:59:79:62:79:80":9,"s:85:23:96:2":27,"f:85:36:85:41":5,"s:86:17:86:72":28,"b:87:2:87:Infinity:undefined:undefined:undefined:undefined":10,"s:87:2:87:Infinity":29,"s:87:15:87:Infinity":30,"s:89:2:89:Infinity":31,"s:90:2:90:Infinity":32,"s:91:2:91:Infinity":33,"s:92:2:92:Infinity":34,"s:93:2:93:Infinity":35,"s:95:2:95:Infinity":36,"s:99:21:105:2":37,"f:99:34:99:39":6,"s:100:17:100:53":38,"b:101:2:101:Infinity:undefined:undefined:undefined:undefined":11,"s:101:2:101:Infinity":39,"s:101:15:101:Infinity":40,"s:103:2:103:Infinity":41,"s:104:2:104:Infinity":42,"s:108:22:117:2":43,"f:108:35:108:40":7,"s:109:18:109:55":44,"b:110:2:110:Infinity:undefined:undefined:undefined:undefined":12,"s:110:2:110:Infinity":45,"s:110:16:110:Infinity":46,"s:112:27:112:76":47,"s:113:2:113:Infinity":48,"s:114:2:114:Infinity":49,"s:116:2:116:Infinity":50,"b:116:58:116:70:116:74:116:75":13,"s:119:0:126:Infinity":51},"fnNames":{}}}
,"C:\\DOCUMINDAI\\campus-nest\\server\\src\\controllers\\auth.controller.js": {"path":"C:\\DOCUMINDAI\\campus-nest\\server\\src\\controllers\\auth.controller.js","statementMap":{"0":{"start":{"line":1,"column":15},"end":{"line":1,"column":32}},"1":{"start":{"line":2,"column":13},"end":{"line":2,"column":38}},"2":{"start":{"line":3,"column":36},"end":{"line":3,"column":65}},"3":{"start":{"line":4,"column":55},"end":{"line":4,"column":81}},"4":{"start":{"line":5,"column":35},"end":{"line":5,"column":67}},"5":{"start":{"line":7,"column":12},"end":{"line":7,"column":58}},"6":{"start":{"line":7,"column":20},"end":{"line":7,"column":57}},"7":{"start":{"line":9,"column":28},"end":{"line":9,"column":47}},"8":{"start":{"line":13,"column":15},"end":{"line":16,"column":23}},"9":{"start":{"line":17,"column":2},"end":{"line":17,"column":null}},"10":{"start":{"line":21,"column":16},"end":{"line":21,"column":67}},"11":{"start":{"line":21,"column":28},"end":{"line":21,"column":66}},"12":{"start":{"line":24,"column":17},"end":{"line":76,"column":2}},"13":{"start":{"line":25,"column":15},"end":{"line":25,"column":33}},"14":{"start":{"line":26,"column":16},"end":{"line":26,"column":49}},"15":{"start":{"line":27,"column":17},"end":{"line":27,"column":37}},"16":{"start":{"line":28,"column":19},"end":{"line":28,"column":81}},"17":{"start":{"line":30,"column":18},"end":{"line":30,"column":20}},"18":{"start":{"line":31,"column":2},"end":{"line":31,"column":null}},"19":{"start":{"line":31,"column":13},"end":{"line":31,"column":null}},"20":{"start":{"line":32,"column":2},"end":{"line":32,"column":null}},"21":{"start":{"line":32,"column":14},"end":{"line":32,"column":null}},"22":{"start":{"line":33,"column":2},"end":{"line":33,"column":null}},"23":{"start":{"line":33,"column":17},"end":{"line":33,"column":null}},"24":{"start":{"line":34,"column":2},"end":{"line":34,"column":null}},"25":{"start":{"line":34,"column":15},"end":{"line":34,"column":null}},"26":{"start":{"line":35,"column":2},"end":{"line":37,"column":null}},"27":{"start":{"line":36,"column":4},"end":{"line":36,"column":null}},"28":{"start":{"line":38,"column":2},"end":{"line":40,"column":null}},"29":{"start":{"line":39,"column":4},"end":{"line":39,"column":null}},"30":{"start":{"line":42,"column":19},"end":{"line":42,"column":48}},"31":{"start":{"line":43,"column":2},"end":{"line":45,"column":null}},"32":{"start":{"line":44,"column":4},"end":{"line":44,"column":null}},"33":{"start":{"line":47,"column":23},"end":{"line":47,"column":56}},"34":{"start":{"line":48,"column":16},"end":{"line":48,"column":54}},"35":{"start":{"line":50,"column":15},"end":{"line":61,"column":4}},"36":{"start":{"line":63,"column":18},"end":{"line":63,"column":23}},"37":{"start":{"line":64,"column":2},"end":{"line":67,"column":null}},"38":{"start":{"line":65,"column":19},"end":{"line":65,"column":109}},"39":{"start":{"line":66,"column":4},"end":{"line":66,"column":null}},"40":{"start":{"line":69,"column":2},"end":{"line":75,"column":null}},"41":{"start":{"line":79,"column":14},"end":{"line":103,"column":2}},"42":{"start":{"line":80,"column":16},"end":{"line":80,"column":49}},"43":{"start":{"line":81,"column":19},"end":{"line":81,"column":81}},"44":{"start":{"line":83,"column":2},"end":{"line":85,"column":null}},"45":{"start":{"line":84,"column":4},"end":{"line":84,"column":null}},"46":{"start":{"line":88,"column":15},"end":{"line":88,"column":68}},"47":{"start":{"line":90,"column":2},"end":{"line":92,"column":null}},"48":{"start":{"line":91,"column":4},"end":{"line":91,"column":null}},"49":{"start":{"line":96,"column":15},"end":{"line":96,"column":29}},"50":{"start":{"line":97,"column":2},"end":{"line":100,"column":null}},"51":{"start":{"line":98,"column":4},"end":{"line":98,"column":null}},"52":{"start":{"line":99,"column":4},"end":{"line":99,"column":null}},"53":{"start":{"line":102,"column":2},"end":{"line":102,"column":null}},"54":{"start":{"line":106,"column":11},"end":{"line":108,"column":2}},"55":{"start":{"line":107,"column":2},"end":{"line":107,"column":null}},"56":{"start":{"line":111,"column":20},"end":{"line":131,"column":2}},"57":{"start":{"line":112,"column":16},"end":{"line":112,"column":35}},"58":{"start":{"line":113,"column":2},"end":{"line":113,"column":null}},"59":{"start":{"line":113,"column":14},"end":{"line":113,"column":null}},"60":{"start":{"line":115,"column":15},"end":{"line":117,"column":3}},"61":{"start":{"line":118,"column":2},"end":{"line":120,"column":null}},"62":{"start":{"line":119,"column":4},"end":{"line":119,"column":null}},"63":{"start":{"line":121,"column":2},"end":{"line":123,"column":null}},"64":{"start":{"line":122,"column":4},"end":{"line":122,"column":null}},"65":{"start":{"line":125,"column":2},"end":{"line":125,"column":null}},"66":{"start":{"line":126,"column":2},"end":{"line":126,"column":null}},"67":{"start":{"line":127,"column":2},"end":{"line":127,"column":null}},"68":{"start":{"line":128,"column":2},"end":{"line":128,"column":null}},"69":{"start":{"line":130,"column":2},"end":{"line":130,"column":null}},"70":{"start":{"line":134,"column":27},"end":{"line":156,"column":2}},"71":{"start":{"line":135,"column":2},"end":{"line":137,"column":null}},"72":{"start":{"line":136,"column":4},"end":{"line":136,"column":null}},"73":{"start":{"line":138,"column":2},"end":{"line":140,"column":null}},"74":{"start":{"line":139,"column":4},"end":{"line":139,"column":null}},"75":{"start":{"line":142,"column":16},"end":{"line":142,"column":54}},"76":{"start":{"line":143,"column":2},"end":{"line":143,"column":null}},"77":{"start":{"line":144,"column":2},"end":{"line":144,"column":null}},"78":{"start":{"line":145,"column":2},"end":{"line":145,"column":null}},"79":{"start":{"line":147,"column":17},"end":{"line":150,"column":4}},"80":{"start":{"line":152,"column":2},"end":{"line":154,"column":null}},"81":{"start":{"line":153,"column":4},"end":{"line":153,"column":null}},"82":{"start":{"line":155,"column":2},"end":{"line":155,"column":null}},"83":{"start":{"line":158,"column":0},"end":{"line":158,"column":null}}},"fnMap":{"0":{"name":"(anonymous_0)","decl":{"start":{"line":7,"column":12},"end":{"line":7,"column":13}},"loc":{"start":{"line":7,"column":20},"end":{"line":7,"column":57}},"line":7},"1":{"name":"verificationUrl","decl":{"start":{"line":12,"column":9},"end":{"line":12,"column":24}},"loc":{"start":{"line":12,"column":32},"end":{"line":18,"column":null}},"line":12},"2":{"name":"(anonymous_2)","decl":{"start":{"line":21,"column":16},"end":{"line":21,"column":17}},"loc":{"start":{"line":21,"column":28},"end":{"line":21,"column":66}},"line":21},"3":{"name":"(anonymous_3)","decl":{"start":{"line":24,"column":30},"end":{"line":24,"column":35}},"loc":{"start":{"line":24,"column":50},"end":{"line":76,"column":1}},"line":24},"4":{"name":"(anonymous_4)","decl":{"start":{"line":79,"column":27},"end":{"line":79,"column":32}},"loc":{"start":{"line":79,"column":47},"end":{"line":103,"column":1}},"line":79},"5":{"name":"(anonymous_5)","decl":{"start":{"line":106,"column":24},"end":{"line":106,"column":29}},"loc":{"start":{"line":106,"column":44},"end":{"line":108,"column":1}},"line":106},"6":{"name":"(anonymous_6)","decl":{"start":{"line":111,"column":33},"end":{"line":111,"column":38}},"loc":{"start":{"line":111,"column":53},"end":{"line":131,"column":1}},"line":111},"7":{"name":"(anonymous_7)","decl":{"start":{"line":134,"column":40},"end":{"line":134,"column":45}},"loc":{"start":{"line":134,"column":60},"end":{"line":156,"column":1}},"line":134}},"branchMap":{"0":{"loc":{"start":{"line":7,"column":20},"end":{"line":7,"column":57}},"type":"cond-expr","locations":[{"start":{"line":7,"column":44},"end":{"line":7,"column":52}},{"start":{"line":7,"column":55},"end":{"line":7,"column":57}}],"line":7},"1":{"loc":{"start":{"line":13,"column":16},"end":{"line":13,"column":73}},"type":"binary-expr","locations":[{"start":{"line":13,"column":16},"end":{"line":13,"column":38}},{"start":{"line":13,"column":42},"end":{"line":13,"column":67}},{"start":{"line":13,"column":71},"end":{"line":13,"column":73}}],"line":13},"2":{"loc":{"start":{"line":17,"column":12},"end":{"line":17,"column":43}},"type":"binary-expr","locations":[{"start":{"line":17,"column":12},"end":{"line":17,"column":16}},{"start":{"line":17,"column":20},"end":{"line":17,"column":43}}],"line":17},"3":{"loc":{"start":{"line":21,"column":28},"end":{"line":21,"column":66}},"type":"cond-expr","locations":[{"start":{"line":21,"column":50},"end":{"line":21,"column":57}},{"start":{"line":21,"column":60},"end":{"line":21,"column":66}}],"line":21},"4":{"loc":{"start":{"line":28,"column":19},"end":{"line":28,"column":81}},"type":"cond-expr","locations":[{"start":{"line":28,"column":59},"end":{"line":28,"column":76}},{"start":{"line":28,"column":79},"end":{"line":28,"column":81}}],"line":28},"5":{"loc":{"start":{"line":31,"column":2},"end":{"line":31,"column":null}},"type":"if","locations":[{"start":{"line":31,"column":2},"end":{"line":31,"column":null}},{"start":{},"end":{}}],"line":31},"6":{"loc":{"start":{"line":32,"column":2},"end":{"line":32,"column":null}},"type":"if","locations":[{"start":{"line":32,"column":2},"end":{"line":32,"column":null}},{"start":{},"end":{}}],"line":32},"7":{"loc":{"start":{"line":33,"column":2},"end":{"line":33,"column":null}},"type":"if","locations":[{"start":{"line":33,"column":2},"end":{"line":33,"column":null}},{"start":{},"end":{}}],"line":33},"8":{"loc":{"start":{"line":34,"column":2},"end":{"line":34,"column":null}},"type":"if","locations":[{"start":{"line":34,"column":2},"end":{"line":34,"column":null}},{"start":{},"end":{}}],"line":34},"9":{"loc":{"start":{"line":35,"column":2},"end":{"line":37,"column":null}},"type":"if","locations":[{"start":{"line":35,"column":2},"end":{"line":37,"column":null}},{"start":{},"end":{}}],"line":35},"10":{"loc":{"start":{"line":38,"column":2},"end":{"line":40,"column":null}},"type":"if","locations":[{"start":{"line":38,"column":2},"end":{"line":40,"column":null}},{"start":{},"end":{}}],"line":38},"11":{"loc":{"start":{"line":43,"column":2},"end":{"line":45,"column":null}},"type":"if","locations":[{"start":{"line":43,"column":2},"end":{"line":45,"column":null}},{"start":{},"end":{}}],"line":43},"12":{"loc":{"start":{"line":59,"column":23},"end":{"line":59,"column":56}},"type":"cond-expr","locations":[{"start":{"line":59,"column":39},"end":{"line":59,"column":44}},{"start":{"line":59,"column":47},"end":{"line":59,"column":56}}],"line":59},"13":{"loc":{"start":{"line":60,"column":25},"end":{"line":60,"column":95}},"type":"cond-expr","locations":[{"start":{"line":60,"column":41},"end":{"line":60,"column":83}},{"start":{"line":60,"column":86},"end":{"line":60,"column":95}}],"line":60},"14":{"loc":{"start":{"line":64,"column":2},"end":{"line":67,"column":null}},"type":"if","locations":[{"start":{"line":64,"column":2},"end":{"line":67,"column":null}},{"start":{},"end":{}}],"line":64},"15":{"loc":{"start":{"line":81,"column":19},"end":{"line":81,"column":81}},"type":"cond-expr","locations":[{"start":{"line":81,"column":59},"end":{"line":81,"column":76}},{"start":{"line":81,"column":79},"end":{"line":81,"column":81}}],"line":81},"16":{"loc":{"start":{"line":83,"column":2},"end":{"line":85,"column":null}},"type":"if","locations":[{"start":{"line":83,"column":2},"end":{"line":85,"column":null}},{"start":{},"end":{}}],"line":83},"17":{"loc":{"start":{"line":83,"column":6},"end":{"line":83,"column":25}},"type":"binary-expr","locations":[{"start":{"line":83,"column":6},"end":{"line":83,"column":12}},{"start":{"line":83,"column":16},"end":{"line":83,"column":25}}],"line":83},"18":{"loc":{"start":{"line":90,"column":2},"end":{"line":92,"column":null}},"type":"if","locations":[{"start":{"line":90,"column":2},"end":{"line":92,"column":null}},{"start":{},"end":{}}],"line":90},"19":{"loc":{"start":{"line":90,"column":6},"end":{"line":90,"column":53}},"type":"binary-expr","locations":[{"start":{"line":90,"column":6},"end":{"line":90,"column":11}},{"start":{"line":90,"column":15},"end":{"line":90,"column":53}}],"line":90},"20":{"loc":{"start":{"line":97,"column":2},"end":{"line":100,"column":null}},"type":"if","locations":[{"start":{"line":97,"column":2},"end":{"line":100,"column":null}},{"start":{},"end":{}}],"line":97},"21":{"loc":{"start":{"line":113,"column":2},"end":{"line":113,"column":null}},"type":"if","locations":[{"start":{"line":113,"column":2},"end":{"line":113,"column":null}},{"start":{},"end":{}}],"line":113},"22":{"loc":{"start":{"line":118,"column":2},"end":{"line":120,"column":null}},"type":"if","locations":[{"start":{"line":118,"column":2},"end":{"line":120,"column":null}},{"start":{},"end":{}}],"line":118},"23":{"loc":{"start":{"line":121,"column":2},"end":{"line":123,"column":null}},"type":"if","locations":[{"start":{"line":121,"column":2},"end":{"line":123,"column":null}},{"start":{},"end":{}}],"line":121},"24":{"loc":{"start":{"line":121,"column":6},"end":{"line":121,"column":71}},"type":"binary-expr","locations":[{"start":{"line":121,"column":6},"end":{"line":121,"column":30}},{"start":{"line":121,"column":34},"end":{"line":121,"column":71}}],"line":121},"25":{"loc":{"start":{"line":135,"column":2},"end":{"line":137,"column":null}},"type":"if","locations":[{"start":{"line":135,"column":2},"end":{"line":137,"column":null}},{"start":{},"end":{}}],"line":135},"26":{"loc":{"start":{"line":138,"column":2},"end":{"line":140,"column":null}},"type":"if","locations":[{"start":{"line":138,"column":2},"end":{"line":140,"column":null}},{"start":{},"end":{}}],"line":138},"27":{"loc":{"start":{"line":152,"column":2},"end":{"line":154,"column":null}},"type":"if","locations":[{"start":{"line":152,"column":2},"end":{"line":154,"column":null}},{"start":{},"end":{}}],"line":152}},"s":{"0":6,"1":6,"2":6,"3":6,"4":6,"5":6,"6":541,"7":6,"8":0,"9":0,"10":6,"11":175,"12":6,"13":178,"14":178,"15":178,"16":178,"17":178,"18":178,"19":0,"20":178,"21":1,"22":178,"23":1,"24":178,"25":1,"26":178,"27":1,"28":177,"29":1,"30":176,"31":176,"32":2,"33":174,"34":174,"35":174,"36":173,"37":173,"38":0,"39":0,"40":173,"41":6,"42":5,"43":5,"44":5,"45":1,"46":4,"47":4,"48":3,"49":1,"50":1,"51":0,"52":0,"53":1,"54":6,"55":1,"56":6,"57":2,"58":2,"59":1,"60":1,"61":1,"62":1,"63":0,"64":0,"65":0,"66":0,"67":0,"68":0,"69":0,"70":6,"71":0,"72":0,"73":0,"74":0,"75":0,"76":0,"77":0,"78":0,"79":0,"80":0,"81":0,"82":0,"83":6},"f":{"0":541,"1":0,"2":175,"3":178,"4":5,"5":1,"6":2,"7":0},"b":{"0":[538,3],"1":[0,0,0],"2":[0,0],"3":[0,175],"4":[177,1],"5":[0,178],"6":[1,177],"7":[1,177],"8":[1,177],"9":[1,177],"10":[1,176],"11":[2,174],"12":[0,174],"13":[0,174],"14":[0,173],"15":[4,5],"16":[1,4],"17":[5,5],"18":[3,1],"19":[4,3],"20":[0,1],"21":[1,1],"22":[1,0],"23":[0,0],"24":[0,0],"25":[0,0],"26":[0,0],"27":[0,0]},"meta":{"lastBranch":28,"lastFunction":8,"lastStatement":84,"seen":{"s:1:15:1:32":0,"s:2:13:2:38":1,"s:3:36:3:65":2,"s:4:55:4:81":3,"s:5:35:5:67":4,"s:7:12:7:58":5,"f:7:12:7:13":0,"s:7:20:7:57":6,"b:7:44:7:52:7:55:7:57":0,"s:9:28:9:47":7,"f:12:9:12:24":1,"s:13:15:16:23":8,"b:13:16:13:38:13:42:13:67:13:71:13:73":1,"s:17:2:17:Infinity":9,"b:17:12:17:16:17:20:17:43":2,"s:21:16:21:67":10,"f:21:16:21:17":2,"s:21:28:21:66":11,"b:21:50:21:57:21:60:21:66":3,"s:24:17:76:2":12,"f:24:30:24:35":3,"s:25:15:25:33":13,"s:26:16:26:49":14,"s:27:17:27:37":15,"s:28:19:28:81":16,"b:28:59:28:76:28:79:28:81":4,"s:30:18:30:20":17,"b:31:2:31:Infinity:undefined:undefined:undefined:undefined":5,"s:31:2:31:Infinity":18,"s:31:13:31:Infinity":19,"b:32:2:32:Infinity:undefined:undefined:undefined:undefined":6,"s:32:2:32:Infinity":20,"s:32:14:32:Infinity":21,"b:33:2:33:Infinity:undefined:undefined:undefined:undefined":7,"s:33:2:33:Infinity":22,"s:33:17:33:Infinity":23,"b:34:2:34:Infinity:undefined:undefined:undefined:undefined":8,"s:34:2:34:Infinity":24,"s:34:15:34:Infinity":25,"b:35:2:37:Infinity:undefined:undefined:undefined:undefined":9,"s:35:2:37:Infinity":26,"s:36:4:36:Infinity":27,"b:38:2:40:Infinity:undefined:undefined:undefined:undefined":10,"s:38:2:40:Infinity":28,"s:39:4:39:Infinity":29,"s:42:19:42:48":30,"b:43:2:45:Infinity:undefined:undefined:undefined:undefined":11,"s:43:2:45:Infinity":31,"s:44:4:44:Infinity":32,"s:47:23:47:56":33,"s:48:16:48:54":34,"s:50:15:61:4":35,"b:59:39:59:44:59:47:59:56":12,"b:60:41:60:83:60:86:60:95":13,"s:63:18:63:23":36,"b:64:2:67:Infinity:undefined:undefined:undefined:undefined":14,"s:64:2:67:Infinity":37,"s:65:19:65:109":38,"s:66:4:66:Infinity":39,"s:69:2:75:Infinity":40,"s:79:14:103:2":41,"f:79:27:79:32":4,"s:80:16:80:49":42,"s:81:19:81:81":43,"b:81:59:81:76:81:79:81:81":15,"b:83:2:85:Infinity:undefined:undefined:undefined:undefined":16,"s:83:2:85:Infinity":44,"b:83:6:83:12:83:16:83:25":17,"s:84:4:84:Infinity":45,"s:88:15:88:68":46,"b:90:2:92:Infinity:undefined:undefined:undefined:undefined":18,"s:90:2:92:Infinity":47,"b:90:6:90:11:90:15:90:53":19,"s:91:4:91:Infinity":48,"s:96:15:96:29":49,"b:97:2:100:Infinity:undefined:undefined:undefined:undefined":20,"s:97:2:100:Infinity":50,"s:98:4:98:Infinity":51,"s:99:4:99:Infinity":52,"s:102:2:102:Infinity":53,"s:106:11:108:2":54,"f:106:24:106:29":5,"s:107:2:107:Infinity":55,"s:111:20:131:2":56,"f:111:33:111:38":6,"s:112:16:112:35":57,"b:113:2:113:I
[...]
,"C:\\DOCUMINDAI\\campus-nest\\server\\src\\utils\\errorHandler.js": {"path":"C:\\DOCUMINDAI\\campus-nest\\server\\src\\utils\\errorHandler.js","statementMap":{"0":{"start":{"line":8,"column":4},"end":{"line":8,"column":null}},"1":{"start":{"line":9,"column":4},"end":{"line":9,"column":null}},"2":{"start":{"line":10,"column":4},"end":{"line":10,"column":null}},"3":{"start":{"line":10,"column":17},"end":{"line":10,"column":null}},"4":{"start":{"line":14,"column":4},"end":{"line":14,"column":null}},"5":{"start":{"line":17,"column":4},"end":{"line":17,"column":null}},"6":{"start":{"line":20,"column":4},"end":{"line":20,"column":null}},"7":{"start":{"line":23,"column":4},"end":{"line":23,"column":null}},"8":{"start":{"line":26,"column":4},"end":{"line":26,"column":null}},"9":{"start":{"line":31,"column":21},"end":{"line":32,"column":49}},"10":{"start":{"line":31,"column":29},"end":{"line":32,"column":49}},"11":{"start":{"line":32,"column":2},"end":{"line":32,"column":49}},"12":{"start":{"line":36,"column":2},"end":{"line":36,"column":null}},"13":{"start":{"line":41,"column":15},"end":{"line":41,"column":50}},"14":{"start":{"line":42,"column":16},"end":{"line":42,"column":65}},"15":{"start":{"line":43,"column":16},"end":{"line":43,"column":27}},"16":{"start":{"line":46,"column":2},"end":{"line":101,"column":null}},"17":{"start":{"line":47,"column":4},"end":{"line":47,"column":null}},"18":{"start":{"line":48,"column":4},"end":{"line":50,"column":null}},"19":{"start":{"line":49,"column":53},"end":{"line":49,"column":71}},"20":{"start":{"line":51,"column":4},"end":{"line":51,"column":null}},"21":{"start":{"line":52,"column":9},"end":{"line":101,"column":null}},"22":{"start":{"line":53,"column":4},"end":{"line":53,"column":null}},"23":{"start":{"line":54,"column":4},"end":{"line":54,"column":null}},"24":{"start":{"line":55,"column":9},"end":{"line":101,"column":null}},"25":{"start":{"line":56,"column":4},"end":{"line":56,"column":null}},"26":{"start":{"line":57,"column":18},"end":{"line":57,"column":63}},"27":{"start":{"line":58,"column":4},"end":{"line":63,"column":null}},"28":{"start":{"line":67,"column":7},"end":{"line":101,"column":null}},"29":{"start":{"line":68,"column":4},"end":{"line":68,"column":null}},"30":{"start":{"line":69,"column":16},"end":{"line":73,"column":5}},"31":{"start":{"line":74,"column":4},"end":{"line":74,"column":null}},"32":{"start":{"line":81,"column":7},"end":{"line":101,"column":null}},"33":{"start":{"line":86,"column":4},"end":{"line":86,"column":null}},"34":{"start":{"line":87,"column":4},"end":{"line":87,"column":null}},"35":{"start":{"line":88,"column":9},"end":{"line":101,"column":null}},"36":{"start":{"line":89,"column":4},"end":{"line":89,"column":null}},"37":{"start":{"line":90,"column":4},"end":{"line":91,"column":null}},"38":{"start":{"line":95,"column":7},"end":{"line":101,"column":null}},"39":{"start":{"line":96,"column":4},"end":{"line":96,"column":null}},"40":{"start":{"line":97,"column":4},"end":{"line":97,"column":null}},"41":{"start":{"line":98,"column":9},"end":{"line":101,"column":null}},"42":{"start":{"line":99,"column":4},"end":{"line":99,"column":null}},"43":{"start":{"line":100,"column":4},"end":{"line":100,"column":null}},"44":{"start":{"line":103,"column":2},"end":{"line":105,"column":null}},"45":{"start":{"line":104,"column":4},"end":{"line":104,"column":null}},"46":{"start":{"line":107,"column":2},"end":{"line":107,"column":null}},"47":{"start":{"line":110,"column":0},"end":{"line":110,"column":null}}},"fnMap":{"0":{"name":"constructor","decl":{"start":{"line":7,"column":2},"end":{"line":7,"column":13}},"loc":{"start":{"line":7,"column":40},"end":{"line":11,"column":null}},"line":7},"1":{"name":"badRequest","decl":{"start":{"line":13,"column":9},"end":{"line":13,"column":19}},"loc":{"start":{"line":13,"column":38},"end":{"line":15,"column":null}},"line":13},"2":{"name":"unauthorized","decl":{"start":{"line":16,"column":9},"end":{"line":16,"column":21}},"loc":{"start":{"line":16,"column":69},"end":{"line":18,"column":null}},"line":16},"3":{"name":"forbidden","decl":{"start":{"line":19,"column":9},"end":{"line":19,"column":18}},"loc":{"start":{"line":19,"column":71},"end":{"line":21,"column":null}},"line":19},"4":{"name":"notFound","decl":{"start":{"line":22,"column":9},"end":{"line":22,"column":17}},"loc":{"start":{"line":22,"column":42},"end":{"line":24,"column":null}},"line":22},"5":{"name":"conflict","decl":{"start":{"line":25,"column":9},"end":{"line":25,"column":17}},"loc":{"start":{"line":25,"column":27},"end":{"line":27,"column":null}},"line":25},"6":{"name":"(anonymous_6)","decl":{"start":{"line":31,"column":21},"end":{"line":31,"column":22}},"loc":{"start":{"line":31,"column":29},"end":{"line":32,"column":49}},"line":31},"7":{"name":"(anonymous_7)","decl":{"start":{"line":31,"column":29},"end":{"line":31,"column":30}},"loc":{"start":{"line":32,"column":2},"end":{"line":32,"column":49}},"line":32},"8":{"name":"notFoundHandler","decl":{"start":{"line":35,"column":9},"end":{"line":35,"column":24}},"loc":{"start":{"line":35,"column":41},"end":{"line":37,"column":null}},"line":35},"9":{"name":"errorHandler","decl":{"start":{"line":40,"column":9},"end":{"line":40,"column":21}},"loc":{"start":{"line":40,"column":43},"end":{"line":108,"column":null}},"line":40},"10":{"name":"(anonymous_10)","decl":{"start":{"line":49,"column":37},"end":{"line":49,"column":38}},"loc":{"start":{"line":49,"column":53},"end":{"line":49,"column":71}},"line":49}},"branchMap":{"0":{"loc":{"start":{"line":10,"column":4},"end":{"line":10,"column":null}},"type":"if","locations":[{"start":{"line":10,"column":4},"end":{"line":10,"column":null}},{"start":{},"end":{}}],"line":10},"1":{"loc":{"start":{"line":16,"column":22},"end":{"line":16,"column":67}},"type":"default-arg","locations":[{"start":{"line":16,"column":32},"end":{"line":16,"column":67}}],"line":16},"2":{"loc":{"start":{"line":19,"column":19},"end":{"line":19,"column":69}},"type":"default-arg","locations":[{"start":{"line":19,"column":29},"end":{"line":19,"column":69}}],"line":19},"3":{"loc":{"start":{"line":22,"column":18},"end":{"line":22,"column":40}},"type":"default-arg","locations":[{"start":{"line":22,"column":28},"end":{"line":22,"column":40}}],"line":22},"4":{"loc":{"start":{"line":41,"column":15},"end":{"line":41,"column":50}},"type":"binary-expr","locations":[{"start":{"line":41,"column":15},"end":{"line":41,"column":25}},{"start":{"line":41,"column":29},"end":{"line":41,"column":43}},{"start":{"line":41,"column":47},"end":{"line":41,"column":50}}],"line":41},"5":{"loc":{"start":{"line":42,"column":16},"end":{"line":42,"column":65}},"type":"binary-expr","locations":[{"start":{"line":42,"column":16},"end":{"line":42,"column":27}},{"start":{"line":42,"column":31},"end":{"line":42,"column":65}}],"line":42},"6":{"loc":{"start":{"line":46,"column":2},"end":{"line":101,"column":null}},"type":"if","locations":[{"start":{"line":46,"column":2},"end":{"line":101,"column":null}},{"start":{"line":52,"column":9},"end":{"line":101,"column":null}}],"line":46},"7":{"loc":{"start":{"line":46,"column":6},"end":{"line":46,"column":50}},"type":"binary-expr","locations":[{"start":{"line":46,"column":6},"end":{"line":46,"column":36}},{"start":{"line":46,"column":40},"end":{"line":46,"column":50}}],"line":46},"8":{"loc":{"start":{"line":51,"column":14},"end":{"line":51,"column":69}},"type":"binary-expr","locations":[{"start":{"line":51,"column":14},"end":{"line":51,"column":39}},{"start":{"line":51,"column":43},"end":{"line":51,"column":69}}],"line":51},"9":{"loc":{"start":{"line":52,"column":9},"end":{"line":101,"column":null}},"type":"if","locations":[{"start":{"line":52,"column":9},"end":{"line":101,"column":null}},{"start":{"line":55,"column":9},"end":{"line":101,"column":null}}],"line":52},"10":{"loc":{"start":{"line":52,"column":13},"end":{"line":52,"column":64}},"type":"binary-expr","locations":[{"start":{"line":52,"column":13},"end":{"line":52,"column":37}},{"start":{"line":52,"column":41},"end":{"line":52,"column":64}}],"line":52},"11":{"loc":{"start":{"line":55,"column":9},"end":{"line":101,"column":null}},"type":"if","locations":[{"start":{"line":55,"column":9},"end":{"line":101,"column":null}},{"start":{"line":67,"column":7},"end":{"line":101,"column":null}}],"line":55},"12":{"loc":{"start":{"line":57,"column":30},"end":{"line":57,"column":50}},"type":"binary-expr","locations":[{"start":{"line":57,"column":30},"end":{"line":57,"column":44}},{"start":{"line":57,"column":48},"end":{"line":57,"column":50}}],"line":57},"13":{"loc":{"start":{"line":59,"column":6},"end":{"line":63,"column":63}},"type":"cond-expr","locations":[{"start":{"line":60,"column":10},"end":{"line":60,"column":null}},{"start":{"line":61,"column":10},"end":{"line":63,"column":63}}],"line":59},"14":{"loc":{"start":{"line":61,"column":10},"end":{"line":63,"column":63}},"type":"cond-expr","locations":[{"start":{"line":62,"column":12},"end":{"line":62,"column":null}},{"start":{"line":63,"column":12},"end":{"line":63,"column":63}}],"line":61},"15":{"loc":{"start":{"line":61,"column":10},"end":{"line":61,"column":null}},"type":"binary-expr","locations":[{"start":{"line":61,"column":10},"end":{"line":61,"column":35}},{"start":{"line":61,"column":39},"end":{"line":61,"column":null}}],"line":61},"16":{"loc":{"start":{"line":63,"column":35},"end":{"line":63,"column":60}},"type":"binary-expr","locations":[{"start":{"line":63,"column":35},"end":{"line":63,"column":40}},{"start":{"line":63,"column":44},"end":{"line":63,"column":60}}],"line":63},"17":{"loc":{"start":{"line":67,"column":7},"end":{"line":101,"column":null}},"type":"if","locations":[{"start":{"line":67,"column":7},"end":{"line":101,"column":null}},{"start":{"line":81,"column":7},"end":{"line":101,"column":null}}],"line":67},"18":{"loc":{"start":{"line":74,"column":14},"end":{"line":74,"column":62}},"type":"binary-expr","locations":[{"start":{"line":74,"column":14},"end":{"line":74,"column":27}},{"start":{"line":74,"column":31},"end":{"line":74,"column":62}}],"line":74},"19":{"loc":{"start":{"line":81,"column":7},"end":{"line":101,"column":null}},"type":"if","locations":[{"start":{"line":81,"column":7},"end":{"line":101,"column":null}},{"start":{"line":88,"column":9},"end":{"line":101,"column":null}}],"line":81},"20":{"loc":{"start":{"line":82,"column":4},"end":{"line":84,"column":null}},"type":"binary-expr","locations":[{"start":{"line":82,"column":4},"end":{"line":82,"column":44}},{"start":{"line":83,"column":4},"end":{"line":83,"column":36}},{"start":{"line":84,"column":4},"end":{"line":84,"column":null}}],"line":82},"21":{"loc":{"start":{"line":88,"column":9},"end":{"line":101,"column":null}},"type":"if","locations":[{"start":{"line":88,"column":9},"end":{"line":101,"column":null}},{"start":{"line":95,"column":7},"end":{"line":101,"column":null}}],"line":88},"22":{"loc":{"start":{"line":88,"column":71},"end":{"line":88,"column":88}},"type":"binary-expr","locations":[{"start":{"line":88,"column":71},"end":{"line":88,"column":82}},{"start":{"line":88,"column":86},"end":{"line":88,"column":88}}],"line":88},"23":{"loc":{"start":{"line":95,"column":7},"end":{"line":101,"column":null}},"type":"if","locations":[{"start":{"line":95,"column":7},"end":{"line":101,"column":null}},{"start":{"line":98,"column":9},"end":{"line":101,"column":null}}],"line":95},"24":{"loc":{"start":{"line":98,"column":9},"end":{"line":101,"column":null}},"type":"if","locations":[{"start":{"line":98,"column":9},"end":{"line":101,"column":null}},{"start":{},"end":{}}],"line":98},"25":{"loc":{"start":{"line":103,"column":2},"end":{"line":105,"column":null}},"type":"if","locations":[{"start":{"line":103,"column":2},"end":{"line":105,"column":null}},{"start":{},"end":{}}],"line":103},"26":{"loc":{"start":{"line":107,"column":26},"end":{"line":107,"column":70}},"type":"cond-expr","locations":[{"start":{"line":107,"column":36},"end":{"line":107,"column":56}},{"start":{"line":107,"column":59},"end":{"line":107,"column":70}}],"line":107}},"s":{"0":54,"1":54,"2":54,"3":0,"4":29,"5":9,"6":1,"7":6,"8":3,"9":0,"10":144,"11":677,"12":2,"13":0,"14":0,"15":0,"16":59,"17":1,"18":0,"19":1,"20":1,"21":0,"22":1,"23":1,"24":0,"25":0,"26":0,"27":0,"28":0,"29":1,"30":1,"31":0,"32":55,"33":0,"34":0,"35":55,"36":0,"37":2,"38":1,"39":1,"40":1,"41":54,"42":0,"43":0,"44":0,"45":0,"46":0,"47":0},"f":{"0":54,"1":7,"2":3,"3":7,"4":0,"5":0,"6":144,"7":677,"8":2,"9":59,"10":1},"b":{"0":[0,54],"1":[9],"2":[1],"3":[6],"4":[0,5,5],"5":[0,0],"6":[1,0],"7":[59,1],"8":[1,0],"9":[1,0],"10":[0,1],"11":[0,0],"12":[0,0],"13":[0,1],"14":[0,0],"15":[1,0],"16":[0,0],"17":[1,55],"18":[0,0],"19":[0,55],"20":[55,55,55],"21":[4,1],"22":[4,0],"23":[1,54],"24":[0,54],"25":[0,0],"26":[1,58]},"meta":{"lastBranch":27,"lastFunction":11,"lastStatement":48,"seen":{"f:7:2:7:13":0,"s:8:4:8:Infinity":0,"s:9:4:9:Infinity":1,"b:10:4:10:Infinity:undefined:undefined:undefined:undefined":0,"s:10:4:10:Infinity":2,"s:10:17:10:Infinity":3,"f:13:9:13:19":1,"s:14:4:14:Infinity":4,"f:16:9:16:21":2,"b:16:32:16:67":1,"s:17:4:17:Infinity":5,"f:19:9:19:18":3,"b:19:29:19:69":2,"s:20:4:20:Infinity":6,"f:22:9:22:17":4,"b:22:28:22:40":3,"s:23:4:23:Infinity":7,"f:25:9:25:17":5,"s:26:4:26:Infinity":8,"s:31:21:32:49":9,"f:31:21:31:22":6,"s:31:29:32:49":10,"f:31:29:31:30":7,"s:32:2:32:49":11,"f:35:9:35:24":8,"s:36:2:36:Infinity":12,"f:40:9:40:21":9,"s:41:15:41:50":13,"b:41:15:41:25:41:29:41:43:41:47:41:50":4,"s:42:16:42:65":14,"b:42:16:42:27:42:31:42:65":5,"s:43:16:43:27":15,"b:46:2:101:Infinity:52:9:101:Infinity":6,"s:46:2:101:Infinity":16,"b:46:6:46:36:46:40:46:50":7,"s:47:4:47:Infinity":17,"s:48:4:50:Infinity":18,"f:49:37:49:38":10,"s:49:53:49:71":19,"s:51:4:51:Infinity":20,"b:51:14:51:39:51:43:51:69":8,"b:52:9:101:Infinity:55:9:101:Infinity":9,"s:52:9:101:Infinity":21,"b:52:13:52:37:52:41:52:64":10,"s:53:4:53:Infinity":22,"s:54:4:54:Infinity":23,"b:55:9:101:Infinity:67:7:101:Infinity":11,"s:55:9:101:Infinity":24,"s:56:4:56:Infinity":25,"s:57:18:57:63":26,"b:57:30:57:44:57:48:57:50":12,"s:58:4:63:Infinity":27,"b:60:10:60:Infinity:61:10:63:63":13,"b:62:12:62:Infinity:63:12:63:63":14,"b:61:10:61:35:61:39:61:Infinity":15,"b:63:35:63:40:63:44:63:60":16,"b:67:7:101:Infinity:81:7:101:Infinity":17,"s:67:7:101:Infinity":28,"s:68:4:68:Infinity":29,"s:69:16:73:5":30,"s:74:4:74:Infinity":31,"b:74:14:74:27:74:31:74:62":18,"b:81:7:101:Infinity:88:9:101:Infinity":19,"s:81:7:101:Infinity":32,"b:82:4:82:44:83:4:83:36:84:4:84:Infinity":20,"s:86:4:86:Infinity":33,"s:87:4:87:Infinity":34,"b:88:9:101:Infinity:95:7:101:Infinity":21,"s:88:9:101:Infinity":35,"b:88:71:88:82:88:86:88:88":22,"s:89:4:89:Infinity":36,"s:90:4:91:Infinity":37,"b:95:7:101:Infinity:98:9:101:Infinity":23,"s:95:7:101:Infinity":38,"s:96:4:96:Infinity":39,"s:97:4:97:Infinity":40,"b:98:9:101:Infinity:undefined:undefined:undefined:undefined":24,"s:98:9:101:Infinity":41,"s:99:4:99:Infinity":42,"s:100:4:100:Infinity":43,"b:103:2:105:Infinity:undefined:undefined:undefined:undefined":25,"s:103:2:105:Infinity":44,"s:104:4:104:Infinity":45,"s:107:2:107:Infinity":46,"b:107:36:107:56:107:59:107:70":26,"s:110:0:110:Infinity":47},"fnNames":{}}}
,"C:\\DOCUMINDAI\\campus-nest\\server\\src\\utils\\mailer.js": {"path":"C:\\DOCUMINDAI\\campus-nest\\server\\src\\utils\\mailer.js","statementMap":{"0":{"start":{"line":1,"column":19},"end":{"line":1,"column":40}},"1":{"start":{"line":23,"column":17},"end":{"line":23,"column":43}},"2":{"start":{"line":24,"column":18},"end":{"line":24,"column":83}},"3":{"start":{"line":27,"column":22},"end":{"line":27,"column":39}},"4":{"start":{"line":29,"column":18},"end":{"line":29,"column":22}},"5":{"start":{"line":32,"column":2},"end":{"line":32,"column":null}},"6":{"start":{"line":32,"column":22},"end":{"line":32,"column":null}},"7":{"start":{"line":33,"column":2},"end":{"line":33,"column":null}},"8":{"start":{"line":33,"column":20},"end":{"line":33,"column":null}},"9":{"start":{"line":34,"column":2},"end":{"line":34,"column":null}},"10":{"start":{"line":42,"column":12},"end":{"line":42,"column":28}},"11":{"start":{"line":43,"column":2},"end":{"line":43,"column":null}},"12":{"start":{"line":43,"column":10},"end":{"line":43,"column":null}},"13":{"start":{"line":45,"column":2},"end":{"line":51,"column":null}},"14":{"start":{"line":46,"column":4},"end":{"line":46,"column":null}},"15":{"start":{"line":47,"column":4},"end":{"line":47,"column":null}},"16":{"start":{"line":49,"column":4},"end":{"line":49,"column":null}},"17":{"start":{"line":50,"column":4},"end":{"line":50,"column":null}},"18":{"start":{"line":55,"column":2},"end":{"line":69,"column":null}},"19":{"start":{"line":72,"column":0},"end":{"line":72,"column":null}}},"fnMap":{"0":{"name":"getTransporter","decl":{"start":{"line":31,"column":9},"end":{"line":31,"column":23}},"loc":{"start":{"line":31,"column":26},"end":{"line":35,"column":null}},"line":31},"1":{"name":"sendMail","decl":{"start":{"line":41,"column":15},"end":{"line":41,"column":23}},"loc":{"start":{"line":41,"column":53},"end":{"line":52,"column":null}},"line":41},"2":{"name":"verificationEmail","decl":{"start":{"line":54,"column":9},"end":{"line":54,"column":26}},"loc":{"start":{"line":54,"column":42},"end":{"line":70,"column":null}},"line":54}},"branchMap":{"0":{"loc":{"start":{"line":23,"column":17},"end":{"line":23,"column":43}},"type":"binary-expr","locations":[{"start":{"line":23,"column":17},"end":{"line":23,"column":37}},{"start":{"line":23,"column":41},"end":{"line":23,"column":43}}],"line":23},"1":{"loc":{"start":{"line":24,"column":18},"end":{"line":24,"column":83}},"type":"binary-expr","locations":[{"start":{"line":24,"column":18},"end":{"line":24,"column":39}},{"start":{"line":24,"column":43},"end":{"line":24,"column":83}}],"line":24},"2":{"loc":{"start":{"line":32,"column":2},"end":{"line":32,"column":null}},"type":"if","locations":[{"start":{"line":32,"column":2},"end":{"line":32,"column":null}},{"start":{},"end":{}}],"line":32},"3":{"loc":{"start":{"line":33,"column":2},"end":{"line":33,"column":null}},"type":"if","locations":[{"start":{"line":33,"column":2},"end":{"line":33,"column":null}},{"start":{},"end":{}}],"line":33},"4":{"loc":{"start":{"line":43,"column":2},"end":{"line":43,"column":null}},"type":"if","locations":[{"start":{"line":43,"column":2},"end":{"line":43,"column":null}},{"start":{},"end":{}}],"line":43}},"s":{"0":6,"1":6,"2":6,"3":6,"4":6,"5":0,"6":0,"7":0,"8":0,"9":0,"10":0,"11":0,"12":0,"13":0,"14":0,"15":0,"16":0,"17":0,"18":0,"19":6},"f":{"0":0,"1":0,"2":0},"b":{"0":[6,6],"1":[6,6],"2":[0,0],"3":[0,0],"4":[0,0]},"meta":{"lastBranch":5,"lastFunction":3,"lastStatement":20,"seen":{"s:1:19:1:40":0,"s:23:17:23:43":1,"b:23:17:23:37:23:41:23:43":0,"s:24:18:24:83":2,"b:24:18:24:39:24:43:24:83":1,"s:27:22:27:39":3,"s:29:18:29:22":4,"f:31:9:31:23":0,"b:32:2:32:Infinity:undefined:undefined:undefined:undefined":2,"s:32:2:32:Infinity":5,"s:32:22:32:Infinity":6,"b:33:2:33:Infinity:undefined:undefined:undefined:undefined":3,"s:33:2:33:Infinity":7,"s:33:20:33:Infinity":8,"s:34:2:34:Infinity":9,"f:41:15:41:23":1,"s:42:12:42:28":10,"b:43:2:43:Infinity:undefined:undefined:undefined:undefined":4,"s:43:2:43:Infinity":11,"s:43:10:43:Infinity":12,"s:45:2:51:Infinity":13,"s:46:4:46:Infinity":14,"s:47:4:47:Infinity":15,"s:49:4:49:Infinity":16,"s:50:4:50:Infinity":17,"f:54:9:54:26":2,"s:55:2:69:Infinity":18,"s:72:0:72:Infinity":19},"fnNames":{}}}
}
